{"/home/travis/build/npmtest/node-npmtest-swig-templates/test.js":{"path":"/home/travis/build/npmtest/node-npmtest-swig-templates/test.js","s":{"1":2,"2":2,"3":2,"4":2,"5":2,"6":2,"7":2,"8":1,"9":2,"10":2,"11":1,"12":1,"13":1,"14":1,"15":2,"16":2,"17":2,"18":2,"19":1,"20":1,"21":2,"22":2,"23":2,"24":1,"25":1,"26":1,"27":1,"28":1,"29":1,"30":1,"31":1,"32":1,"33":1,"34":1,"35":1,"36":1,"37":1,"38":1,"39":2,"40":2,"41":1,"42":2,"43":2,"44":1,"45":2,"46":2,"47":1,"48":2,"49":2,"50":1,"51":1,"52":1,"53":1,"54":1},"b":{"1":[2,1,1,1],"2":[1,1,1,1],"3":[1,1],"4":[1,1],"5":[1,1],"6":[1,1],"7":[1,1],"8":[1,1],"9":[1,1],"10":[1,1,1],"11":[1,1],"12":[1,1],"13":[1,1],"14":[1,1],"15":[1,1],"16":[1,1],"17":[1,1]},"f":{"1":2,"2":2,"3":2,"4":2,"5":2,"6":1,"7":1,"8":1,"9":2,"10":2,"11":2,"12":2,"13":1},"fnMap":{"1":{"name":"(anonymous_1)","line":12,"loc":{"start":{"line":12,"column":1},"end":{"line":12,"column":13}}},"2":{"name":"(anonymous_2)","line":19,"loc":{"start":{"line":19,"column":5},"end":{"line":19,"column":17}}},"3":{"name":"(anonymous_3)","line":23,"loc":{"start":{"line":23,"column":24},"end":{"line":23,"column":36}}},"4":{"name":"(anonymous_4)","line":61,"loc":{"start":{"line":61,"column":5},"end":{"line":61,"column":17}}},"5":{"name":"(anonymous_5)","line":82,"loc":{"start":{"line":82,"column":5},"end":{"line":82,"column":17}}},"6":{"name":"(anonymous_6)","line":91,"loc":{"start":{"line":91,"column":77},"end":{"line":94,"column":10}}},"7":{"name":"(anonymous_7)","line":112,"loc":{"start":{"line":112,"column":83},"end":{"line":115,"column":10}},"skip":true},"8":{"name":"(anonymous_8)","line":123,"loc":{"start":{"line":123,"column":77},"end":{"line":126,"column":10}},"skip":true},"9":{"name":"(anonymous_9)","line":139,"loc":{"start":{"line":139,"column":12},"end":{"line":139,"column":40}},"skip":true},"10":{"name":"(anonymous_10)","line":147,"loc":{"start":{"line":147,"column":77},"end":{"line":150,"column":10}},"skip":true},"11":{"name":"(anonymous_11)","line":158,"loc":{"start":{"line":158,"column":83},"end":{"line":161,"column":10}},"skip":true},"12":{"name":"(anonymous_12)","line":169,"loc":{"start":{"line":169,"column":79},"end":{"line":172,"column":10}},"skip":true},"13":{"name":"(anonymous_13)","line":180,"loc":{"start":{"line":180,"column":75},"end":{"line":183,"column":10}},"skip":true}},"statementMap":{"1":{"start":{"line":12,"column":0},"end":{"line":195,"column":5}},"2":{"start":{"line":14,"column":4},"end":{"line":14,"column":14}},"3":{"start":{"line":19,"column":4},"end":{"line":56,"column":9}},"4":{"start":{"line":21,"column":8},"end":{"line":21,"column":19}},"5":{"start":{"line":23,"column":8},"end":{"line":35,"column":13}},"6":{"start":{"line":24,"column":12},"end":{"line":34,"column":13}},"7":{"start":{"line":25,"column":16},"end":{"line":28,"column":30}},"8":{"start":{"line":30,"column":16},"end":{"line":33,"column":27}},"9":{"start":{"line":37,"column":8},"end":{"line":39,"column":21}},"10":{"start":{"line":40,"column":8},"end":{"line":53,"column":9}},"11":{"start":{"line":43,"column":12},"end":{"line":46,"column":14}},"12":{"start":{"line":47,"column":12},"end":{"line":47,"column":18}},"13":{"start":{"line":50,"column":12},"end":{"line":51,"column":33}},"14":{"start":{"line":52,"column":12},"end":{"line":52,"column":18}},"15":{"start":{"line":55,"column":8},"end":{"line":55,"column":35}},"16":{"start":{"line":61,"column":4},"end":{"line":63,"column":9}},"17":{"start":{"line":62,"column":8},"end":{"line":62,"column":15}},"18":{"start":{"line":64,"column":4},"end":{"line":77,"column":5}},"19":{"start":{"line":70,"column":8},"end":{"line":70,"column":14}},"20":{"start":{"line":76,"column":8},"end":{"line":76,"column":14}},"21":{"start":{"line":82,"column":4},"end":{"line":84,"column":9}},"22":{"start":{"line":83,"column":8},"end":{"line":83,"column":15}},"23":{"start":{"line":85,"column":4},"end":{"line":194,"column":5}},"24":{"start":{"line":91,"column":8},"end":{"line":99,"column":10}},"25":{"start":{"line":98,"column":12},"end":{"line":98,"column":35}},"26":{"start":{"line":102,"column":8},"end":{"line":104,"column":63}},"27":{"start":{"line":105,"column":8},"end":{"line":105,"column":14}},"28":{"start":{"line":112,"column":8},"end":{"line":121,"column":10},"skip":true},"29":{"start":{"line":119,"column":12},"end":{"line":119,"column":55},"skip":true},"30":{"start":{"line":120,"column":12},"end":{"line":120,"column":48},"skip":true},"31":{"start":{"line":123,"column":8},"end":{"line":136,"column":10},"skip":true},"32":{"start":{"line":130,"column":12},"end":{"line":130,"column":76},"skip":true},"33":{"start":{"line":131,"column":12},"end":{"line":131,"column":73},"skip":true},"34":{"start":{"line":132,"column":12},"end":{"line":132,"column":74},"skip":true},"35":{"start":{"line":133,"column":12},"end":{"line":133,"column":79},"skip":true},"36":{"start":{"line":134,"column":12},"end":{"line":134,"column":25},"skip":true},"37":{"start":{"line":135,"column":12},"end":{"line":135,"column":45},"skip":true},"38":{"start":{"line":138,"column":8},"end":{"line":145,"column":14},"skip":true},"39":{"start":{"line":143,"column":16},"end":{"line":143,"column":29},"skip":true},"40":{"start":{"line":144,"column":16},"end":{"line":144,"column":55},"skip":true},"41":{"start":{"line":147,"column":8},"end":{"line":156,"column":10},"skip":true},"42":{"start":{"line":154,"column":12},"end":{"line":154,"column":25},"skip":true},"43":{"start":{"line":155,"column":12},"end":{"line":155,"column":45},"skip":true},"44":{"start":{"line":158,"column":8},"end":{"line":167,"column":10},"skip":true},"45":{"start":{"line":165,"column":12},"end":{"line":165,"column":25},"skip":true},"46":{"start":{"line":166,"column":12},"end":{"line":166,"column":48},"skip":true},"47":{"start":{"line":169,"column":8},"end":{"line":178,"column":10},"skip":true},"48":{"start":{"line":176,"column":12},"end":{"line":176,"column":25},"skip":true},"49":{"start":{"line":177,"column":12},"end":{"line":177,"column":46},"skip":true},"50":{"start":{"line":180,"column":8},"end":{"line":189,"column":10},"skip":true},"51":{"start":{"line":187,"column":12},"end":{"line":187,"column":94},"skip":true},"52":{"start":{"line":188,"column":12},"end":{"line":188,"column":48},"skip":true},"53":{"start":{"line":192,"column":8},"end":{"line":192,"column":35},"skip":true},"54":{"start":{"line":193,"column":8},"end":{"line":193,"column":14},"skip":true}},"branchMap":{"1":{"line":25,"type":"binary-expr","locations":[{"start":{"line":25,"column":23},"end":{"line":25,"column":62}},{"start":{"line":26,"column":20},"end":{"line":26,"column":70}},{"start":{"line":27,"column":20},"end":{"line":27,"column":71}},{"start":{"line":28,"column":20},"end":{"line":28,"column":29}}]},"2":{"line":30,"type":"binary-expr","locations":[{"start":{"line":30,"column":23},"end":{"line":30,"column":37}},{"start":{"line":31,"column":20},"end":{"line":31,"column":61}},{"start":{"line":32,"column":20},"end":{"line":32,"column":70}},{"start":{"line":33,"column":20},"end":{"line":33,"column":26}}]},"3":{"line":37,"type":"cond-expr","locations":[{"start":{"line":38,"column":14},"end":{"line":38,"column":20}},{"start":{"line":39,"column":14},"end":{"line":39,"column":20}}]},"4":{"line":40,"type":"switch","locations":[{"start":{"line":42,"column":8},"end":{"line":47,"column":18}},{"start":{"line":49,"column":8},"end":{"line":52,"column":18}}]},"5":{"line":44,"type":"binary-expr","locations":[{"start":{"line":44,"column":16},"end":{"line":44,"column":44}},{"start":{"line":44,"column":48},"end":{"line":44,"column":66}}]},"6":{"line":50,"type":"binary-expr","locations":[{"start":{"line":50,"column":21},"end":{"line":50,"column":49}},{"start":{"line":50,"column":53},"end":{"line":50,"column":72}}]},"7":{"line":64,"type":"switch","locations":[{"start":{"line":69,"column":4},"end":{"line":70,"column":14}},{"start":{"line":75,"column":4},"end":{"line":76,"column":14}}]},"8":{"line":85,"type":"switch","locations":[{"start":{"line":90,"column":4},"end":{"line":105,"column":14}},{"start":{"line":111,"column":4},"end":{"line":193,"column":14},"skip":true}]},"9":{"line":91,"type":"binary-expr","locations":[{"start":{"line":91,"column":42},"end":{"line":91,"column":73}},{"start":{"line":91,"column":77},"end":{"line":99,"column":9}}]},"10":{"line":102,"type":"binary-expr","locations":[{"start":{"line":102,"column":18},"end":{"line":102,"column":32}},{"start":{"line":103,"column":12},"end":{"line":103,"column":53}},{"start":{"line":104,"column":12},"end":{"line":104,"column":61}}]},"11":{"line":112,"type":"binary-expr","locations":[{"start":{"line":112,"column":45},"end":{"line":112,"column":79},"skip":true},{"start":{"line":112,"column":83},"end":{"line":121,"column":9},"skip":true}]},"12":{"line":123,"type":"binary-expr","locations":[{"start":{"line":123,"column":42},"end":{"line":123,"column":73},"skip":true},{"start":{"line":123,"column":77},"end":{"line":136,"column":9},"skip":true}]},"13":{"line":138,"type":"binary-expr","locations":[{"start":{"line":138,"column":48},"end":{"line":138,"column":85},"skip":true},{"start":{"line":139,"column":12},"end":{"line":145,"column":13},"skip":true}]},"14":{"line":147,"type":"binary-expr","locations":[{"start":{"line":147,"column":42},"end":{"line":147,"column":73},"skip":true},{"start":{"line":147,"column":77},"end":{"line":156,"column":9},"skip":true}]},"15":{"line":158,"type":"binary-expr","locations":[{"start":{"line":158,"column":45},"end":{"line":158,"column":79},"skip":true},{"start":{"line":158,"column":83},"end":{"line":167,"column":9},"skip":true}]},"16":{"line":169,"type":"binary-expr","locations":[{"start":{"line":169,"column":43},"end":{"line":169,"column":75},"skip":true},{"start":{"line":169,"column":79},"end":{"line":178,"column":9},"skip":true}]},"17":{"line":180,"type":"binary-expr","locations":[{"start":{"line":180,"column":41},"end":{"line":180,"column":71},"skip":true},{"start":{"line":180,"column":75},"end":{"line":189,"column":9},"skip":true}]}},"code":["/* istanbul instrument in package npmtest_swig_templates */","/*jslint","    bitwise: true,","    browser: true,","    maxerr: 8,","    maxlen: 96,","    node: true,","    nomen: true,","    regexp: true,","    stupid: true","*/","(function () {","    'use strict';","    var local;","","","","    // run shared js-env code - init-before","    (function () {","        // init local","        local = {};","        // init modeJs","        local.modeJs = (function () {","            try {","                return typeof navigator.userAgent === 'string' &&","                    typeof document.querySelector('body') === 'object' &&","                    typeof XMLHttpRequest.prototype.open === 'function' &&","                    'browser';","            } catch (errorCaughtBrowser) {","                return module.exports &&","                    typeof process.versions.node === 'string' &&","                    typeof require('http').createServer === 'function' &&","                    'node';","            }","        }());","        // init global","        local.global = local.modeJs === 'browser'","            ? window","            : global;","        switch (local.modeJs) {","        // re-init local from window.local","        case 'browser':","            local = local.global.utility2.objectSetDefault(","                local.global.utility2_rollup || local.global.local,","                local.global.utility2","            );","            break;","        // re-init local from example.js","        case 'node':","            local = (local.global.utility2_rollup || require('utility2'))","                .requireReadme();","            break;","        }","        // export local","        local.global.local = local;","    }());","","","","    // run shared js-env code - function","    (function () {","        return;","    }());","    switch (local.modeJs) {","","","","    // run browser js-env code - function","    case 'browser':","        break;","","","","    // run node js-env code - function","    case 'node':","        break;","    }","","","","    // run shared js-env code - init-after","    (function () {","        return;","    }());","    switch (local.modeJs) {","","","","    // run browser js-env code - init-after","    case 'browser':","        local.testCase_browser_nullCase = local.testCase_browser_nullCase || function (","            options,","            onError","        ) {","        /*","         * this function will test browsers's null-case handling-behavior-behavior","         */","            onError(null, options);","        };","","        // run tests","        local.nop(local.modeTest &&","            document.querySelector('#testRunButton1') &&","            document.querySelector('#testRunButton1').click());","        break;","","","","    // run node js-env code - init-after","    /* istanbul ignore next */","    case 'node':","        local.testCase_buildApidoc_default = local.testCase_buildApidoc_default || function (","            options,","            onError","        ) {","        /*","         * this function will test buildApidoc's default handling-behavior-behavior","         */","            options = { modulePathList: module.paths };","            local.buildApidoc(options, onError);","        };","","        local.testCase_buildApp_default = local.testCase_buildApp_default || function (","            options,","            onError","        ) {","        /*","         * this function will test buildApp's default handling-behavior-behavior","         */","            local.testCase_buildReadme_default(options, local.onErrorThrow);","            local.testCase_buildLib_default(options, local.onErrorThrow);","            local.testCase_buildTest_default(options, local.onErrorThrow);","            local.testCase_buildCustomOrg_default(options, local.onErrorThrow);","            options = [];","            local.buildApp(options, onError);","        };","","        local.testCase_buildCustomOrg_default = local.testCase_buildCustomOrg_default ||","            function (options, onError) {","            /*","             * this function will test buildCustomOrg's default handling-behavior","             */","                options = {};","                local.buildCustomOrg(options, onError);","            };","","        local.testCase_buildLib_default = local.testCase_buildLib_default || function (","            options,","            onError","        ) {","        /*","         * this function will test buildLib's default handling-behavior","         */","            options = {};","            local.buildLib(options, onError);","        };","","        local.testCase_buildReadme_default = local.testCase_buildReadme_default || function (","            options,","            onError","        ) {","        /*","         * this function will test buildReadme's default handling-behavior-behavior","         */","            options = {};","            local.buildReadme(options, onError);","        };","","        local.testCase_buildTest_default = local.testCase_buildTest_default || function (","            options,","            onError","        ) {","        /*","         * this function will test buildTest's default handling-behavior","         */","            options = {};","            local.buildTest(options, onError);","        };","","        local.testCase_webpage_default = local.testCase_webpage_default || function (","            options,","            onError","        ) {","        /*","         * this function will test webpage's default handling-behavior","         */","            options = { modeCoverageMerge: true, url: local.serverLocalHost + '?modeTest=1' };","            local.browserTest(options, onError);","        };","","        // run test-server","        local.testRunServer(local);","        break;","    }","}());",""],"l":{"12":2,"14":2,"19":2,"21":2,"23":2,"24":2,"25":2,"30":1,"37":2,"40":2,"43":1,"47":1,"50":1,"52":1,"55":2,"61":2,"62":2,"64":2,"70":1,"76":1,"82":2,"83":2,"85":2,"91":1,"98":1,"102":1,"105":1,"112":1,"119":1,"120":1,"123":1,"130":1,"131":1,"132":1,"133":1,"134":1,"135":1,"138":1,"143":2,"144":2,"147":1,"154":2,"155":2,"158":1,"165":2,"166":2,"169":1,"176":2,"177":2,"180":1,"187":1,"188":1,"192":1,"193":1}},"/home/travis/build/npmtest/node-npmtest-swig-templates/lib.npmtest_swig_templates.js":{"path":"/home/travis/build/npmtest/node-npmtest-swig-templates/lib.npmtest_swig_templates.js","s":{"1":2,"2":2,"3":2,"4":2,"5":2,"6":2,"7":2,"8":1,"9":2,"10":2,"11":2,"12":2,"13":1,"14":1,"15":1,"16":1},"b":{"1":[2,1,1,1],"2":[1,1,1,1],"3":[1,1],"4":[2,2],"5":[1,1]},"f":{"1":2,"2":2,"3":2},"fnMap":{"1":{"name":"(anonymous_1)","line":12,"loc":{"start":{"line":12,"column":1},"end":{"line":12,"column":13}}},"2":{"name":"(anonymous_2)","line":19,"loc":{"start":{"line":19,"column":5},"end":{"line":19,"column":17}}},"3":{"name":"(anonymous_3)","line":23,"loc":{"start":{"line":23,"column":24},"end":{"line":23,"column":36}}}},"statementMap":{"1":{"start":{"line":12,"column":0},"end":{"line":53,"column":5}},"2":{"start":{"line":14,"column":4},"end":{"line":14,"column":14}},"3":{"start":{"line":19,"column":4},"end":{"line":52,"column":9}},"4":{"start":{"line":21,"column":8},"end":{"line":21,"column":19}},"5":{"start":{"line":23,"column":8},"end":{"line":35,"column":13}},"6":{"start":{"line":24,"column":12},"end":{"line":34,"column":13}},"7":{"start":{"line":25,"column":16},"end":{"line":28,"column":30}},"8":{"start":{"line":30,"column":16},"end":{"line":33,"column":27}},"9":{"start":{"line":37,"column":8},"end":{"line":39,"column":21}},"10":{"start":{"line":41,"column":8},"end":{"line":41,"column":54}},"11":{"start":{"line":43,"column":8},"end":{"line":43,"column":59}},"12":{"start":{"line":45,"column":8},"end":{"line":51,"column":9}},"13":{"start":{"line":46,"column":12},"end":{"line":46,"column":65}},"14":{"start":{"line":48,"column":12},"end":{"line":48,"column":35}},"15":{"start":{"line":49,"column":12},"end":{"line":49,"column":49}},"16":{"start":{"line":50,"column":12},"end":{"line":50,"column":43}}},"branchMap":{"1":{"line":25,"type":"binary-expr","locations":[{"start":{"line":25,"column":23},"end":{"line":25,"column":62}},{"start":{"line":26,"column":20},"end":{"line":26,"column":70}},{"start":{"line":27,"column":20},"end":{"line":27,"column":71}},{"start":{"line":28,"column":20},"end":{"line":28,"column":29}}]},"2":{"line":30,"type":"binary-expr","locations":[{"start":{"line":30,"column":23},"end":{"line":30,"column":37}},{"start":{"line":31,"column":20},"end":{"line":31,"column":61}},{"start":{"line":32,"column":20},"end":{"line":32,"column":70}},{"start":{"line":33,"column":20},"end":{"line":33,"column":26}}]},"3":{"line":37,"type":"cond-expr","locations":[{"start":{"line":38,"column":14},"end":{"line":38,"column":20}},{"start":{"line":39,"column":14},"end":{"line":39,"column":20}}]},"4":{"line":41,"type":"binary-expr","locations":[{"start":{"line":41,"column":16},"end":{"line":41,"column":44}},{"start":{"line":41,"column":48},"end":{"line":41,"column":53}}]},"5":{"line":45,"type":"if","locations":[{"start":{"line":45,"column":8},"end":{"line":45,"column":8}},{"start":{"line":45,"column":8},"end":{"line":45,"column":8}}]}},"code":["/* istanbul instrument in package npmtest_swig_templates */","/*jslint","    bitwise: true,","    browser: true,","    maxerr: 8,","    maxlen: 96,","    node: true,","    nomen: true,","    regexp: true,","    stupid: true","*/","(function () {","    'use strict';","    var local;","","","","    // run shared js-env code - init-before","    (function () {","        // init local","        local = {};","        // init modeJs","        local.modeJs = (function () {","            try {","                return typeof navigator.userAgent === 'string' &&","                    typeof document.querySelector('body') === 'object' &&","                    typeof XMLHttpRequest.prototype.open === 'function' &&","                    'browser';","            } catch (errorCaughtBrowser) {","                return module.exports &&","                    typeof process.versions.node === 'string' &&","                    typeof require('http').createServer === 'function' &&","                    'node';","            }","        }());","        // init global","        local.global = local.modeJs === 'browser'","            ? window","            : global;","        // init utility2_rollup","        local = local.global.utility2_rollup || local;","        // init lib","        local.local = local.npmtest_swig_templates = local;","        // init exports","        if (local.modeJs === 'browser') {","            local.global.utility2_npmtest_swig_templates = local;","        } else {","            module.exports = local;","            module.exports.__dirname = __dirname;","            module.exports.module = module;","        }","    }());","}());",""],"l":{"12":2,"14":2,"19":2,"21":2,"23":2,"24":2,"25":2,"30":1,"37":2,"41":2,"43":2,"45":2,"46":1,"48":1,"49":1,"50":1}},"/home/travis/build/npmtest/node-npmtest-swig-templates/example.js":{"path":"/home/travis/build/npmtest/node-npmtest-swig-templates/example.js","s":{"1":2,"2":2,"3":2,"4":2,"5":2,"6":2,"7":2,"8":1,"9":2,"10":2,"11":2,"12":2,"13":1,"14":2,"15":2,"16":2,"17":2,"18":2,"19":0,"20":2,"21":1,"22":1,"23":1,"24":1,"25":1,"26":0,"27":0,"28":1,"29":1,"30":2,"31":0,"32":0,"33":0,"34":1,"35":2,"36":2,"37":3,"38":3,"39":3,"40":3,"41":0,"42":3,"43":3,"44":3,"45":1,"46":3,"47":1,"48":1,"49":1,"50":1,"51":1,"52":1,"53":1,"54":1,"55":1,"56":1,"57":0,"58":1,"59":6,"60":6,"61":1,"62":2,"63":0,"64":2,"65":1,"66":1,"67":0,"68":0,"69":0,"70":0,"71":0,"72":0,"73":0,"74":0,"75":0,"76":0,"77":0,"78":0,"79":0,"80":0,"81":0,"82":0,"83":0},"b":{"1":[2,1,1,1],"2":[1,1,1,1],"3":[1,1],"4":[2,2],"5":[1,1],"6":[1,1],"7":[2,0],"8":[2,1,1,1,1,1],"9":[0,2,0],"10":[1,1],"11":[2,1,1],"12":[1,0],"13":[0,2],"14":[2,0,0,0,0,0,0],"15":[0,3],"16":[3,0],"17":[1,1],"18":[0,1],"19":[1,2,0,2],"20":[1,0],"21":[1,1],"22":[0,0],"23":[0,0],"24":[0,0],"25":[0,0],"26":[0,0],"27":[0,0],"28":[0,0]},"f":{"1":2,"2":2,"3":2,"4":2,"5":2,"6":2,"7":3,"8":3,"9":3,"10":1,"11":6,"12":0},"fnMap":{"1":{"name":"(anonymous_1)","line":26,"loc":{"start":{"line":26,"column":1},"end":{"line":26,"column":13}}},"2":{"name":"(anonymous_2)","line":33,"loc":{"start":{"line":33,"column":5},"end":{"line":33,"column":17}}},"3":{"name":"(anonymous_3)","line":37,"loc":{"start":{"line":37,"column":24},"end":{"line":37,"column":36}}},"4":{"name":"(anonymous_4)","line":69,"loc":{"start":{"line":69,"column":31},"end":{"line":69,"column":48}},"skip":true},"5":{"name":"(anonymous_5)","line":78,"loc":{"start":{"line":78,"column":26},"end":{"line":78,"column":45}},"skip":true},"6":{"name":"(anonymous_6)","line":123,"loc":{"start":{"line":123,"column":33},"end":{"line":123,"column":48}},"skip":true},"7":{"name":"(anonymous_7)","line":125,"loc":{"start":{"line":125,"column":27},"end":{"line":125,"column":39}},"skip":true},"8":{"name":"(anonymous_8)","line":133,"loc":{"start":{"line":133,"column":59},"end":{"line":133,"column":74}},"skip":true},"9":{"name":"(anonymous_9)","line":143,"loc":{"start":{"line":143,"column":45},"end":{"line":143,"column":62}},"skip":true},"10":{"name":"(anonymous_10)","line":144,"loc":{"start":{"line":144,"column":73},"end":{"line":144,"column":92}},"skip":true},"11":{"name":"(anonymous_11)","line":272,"loc":{"start":{"line":272,"column":51},"end":{"line":272,"column":77}},"skip":true},"12":{"name":"(anonymous_12)","line":315,"loc":{"start":{"line":315,"column":32},"end":{"line":315,"column":61}},"skip":true}},"statementMap":{"1":{"start":{"line":26,"column":0},"end":{"line":326,"column":5}},"2":{"start":{"line":28,"column":4},"end":{"line":28,"column":14}},"3":{"start":{"line":33,"column":4},"end":{"line":60,"column":9}},"4":{"start":{"line":35,"column":8},"end":{"line":35,"column":19}},"5":{"start":{"line":37,"column":8},"end":{"line":49,"column":13}},"6":{"start":{"line":38,"column":12},"end":{"line":48,"column":13}},"7":{"start":{"line":39,"column":16},"end":{"line":42,"column":30}},"8":{"start":{"line":44,"column":16},"end":{"line":47,"column":27}},"9":{"start":{"line":51,"column":8},"end":{"line":53,"column":21}},"10":{"start":{"line":55,"column":8},"end":{"line":57,"column":45}},"11":{"start":{"line":59,"column":8},"end":{"line":59,"column":35}},"12":{"start":{"line":61,"column":4},"end":{"line":325,"column":5}},"13":{"start":{"line":69,"column":8},"end":{"line":121,"column":10},"skip":true},"14":{"start":{"line":70,"column":12},"end":{"line":88,"column":13},"skip":true},"15":{"start":{"line":76,"column":16},"end":{"line":87,"column":19},"skip":true},"16":{"start":{"line":79,"column":20},"end":{"line":86,"column":21},"skip":true},"17":{"start":{"line":82,"column":24},"end":{"line":82,"column":43},"skip":true},"18":{"start":{"line":83,"column":24},"end":{"line":83,"column":30},"skip":true},"19":{"start":{"line":85,"column":24},"end":{"line":85,"column":49},"skip":true},"20":{"start":{"line":89,"column":12},"end":{"line":107,"column":13},"skip":true},"21":{"start":{"line":92,"column":16},"end":{"line":102,"column":17},"skip":true},"22":{"start":{"line":93,"column":20},"end":{"line":93,"column":86},"skip":true},"23":{"start":{"line":94,"column":20},"end":{"line":95,"column":45},"skip":true},"24":{"start":{"line":96,"column":20},"end":{"line":96,"column":42},"skip":true},"25":{"start":{"line":97,"column":20},"end":{"line":97,"column":48},"skip":true},"26":{"start":{"line":100,"column":20},"end":{"line":100,"column":85},"skip":true},"27":{"start":{"line":101,"column":20},"end":{"line":101,"column":96},"skip":true},"28":{"start":{"line":103,"column":16},"end":{"line":103,"column":22},"skip":true},"29":{"start":{"line":106,"column":16},"end":{"line":106,"column":22},"skip":true},"30":{"start":{"line":108,"column":12},"end":{"line":120,"column":13},"skip":true},"31":{"start":{"line":114,"column":16},"end":{"line":119,"column":17},"skip":true},"32":{"start":{"line":116,"column":20},"end":{"line":116,"column":78},"skip":true},"33":{"start":{"line":118,"column":20},"end":{"line":118,"column":47},"skip":true},"34":{"start":{"line":123,"column":8},"end":{"line":141,"column":11},"skip":true},"35":{"start":{"line":124,"column":12},"end":{"line":124,"column":54},"skip":true},"36":{"start":{"line":125,"column":12},"end":{"line":140,"column":14},"skip":true},"37":{"start":{"line":126,"column":16},"end":{"line":126,"column":28},"skip":true},"38":{"start":{"line":127,"column":16},"end":{"line":127,"column":69},"skip":true},"39":{"start":{"line":128,"column":16},"end":{"line":128,"column":75},"skip":true},"40":{"start":{"line":129,"column":16},"end":{"line":131,"column":17},"skip":true},"41":{"start":{"line":130,"column":20},"end":{"line":130,"column":27},"skip":true},"42":{"start":{"line":133,"column":16},"end":{"line":137,"column":36},"skip":true},"43":{"start":{"line":134,"column":20},"end":{"line":136,"column":55},"skip":true},"44":{"start":{"line":139,"column":16},"end":{"line":139,"column":57},"skip":true},"45":{"start":{"line":143,"column":8},"end":{"line":147,"column":11},"skip":true},"46":{"start":{"line":144,"column":12},"end":{"line":146,"column":15},"skip":true},"47":{"start":{"line":145,"column":16},"end":{"line":145,"column":70},"skip":true},"48":{"start":{"line":149,"column":8},"end":{"line":149,"column":31},"skip":true},"49":{"start":{"line":150,"column":8},"end":{"line":150,"column":14},"skip":true},"50":{"start":{"line":158,"column":8},"end":{"line":158,"column":31},"skip":true},"51":{"start":{"line":160,"column":8},"end":{"line":160,"column":33},"skip":true},"52":{"start":{"line":161,"column":8},"end":{"line":161,"column":37},"skip":true},"53":{"start":{"line":162,"column":8},"end":{"line":162,"column":35},"skip":true},"54":{"start":{"line":164,"column":8},"end":{"line":164,"column":50},"skip":true},"55":{"start":{"line":166,"column":8},"end":{"line":256,"column":2},"skip":true},"56":{"start":{"line":258,"column":8},"end":{"line":286,"column":9},"skip":true},"57":{"start":{"line":259,"column":12},"end":{"line":269,"column":14},"skip":true},"58":{"start":{"line":271,"column":12},"end":{"line":285,"column":19},"skip":true},"59":{"start":{"line":274,"column":20},"end":{"line":274,"column":35},"skip":true},"60":{"start":{"line":275,"column":20},"end":{"line":284,"column":21},"skip":true},"61":{"start":{"line":277,"column":24},"end":{"line":277,"column":64},"skip":true},"62":{"start":{"line":279,"column":24},"end":{"line":279,"column":40},"skip":true},"63":{"start":{"line":281,"column":24},"end":{"line":281,"column":40},"skip":true},"64":{"start":{"line":283,"column":24},"end":{"line":283,"column":39},"skip":true},"65":{"start":{"line":288,"column":8},"end":{"line":290,"column":9},"skip":true},"66":{"start":{"line":289,"column":12},"end":{"line":289,"column":18},"skip":true},"67":{"start":{"line":291,"column":8},"end":{"line":293,"column":54},"skip":true},"68":{"start":{"line":296,"column":8},"end":{"line":301,"column":37},"skip":true},"69":{"start":{"line":303,"column":8},"end":{"line":303,"column":82},"skip":true},"70":{"start":{"line":306,"column":8},"end":{"line":308,"column":9},"skip":true},"71":{"start":{"line":307,"column":12},"end":{"line":307,"column":82},"skip":true},"72":{"start":{"line":310,"column":8},"end":{"line":312,"column":9},"skip":true},"73":{"start":{"line":311,"column":12},"end":{"line":311,"column":18},"skip":true},"74":{"start":{"line":313,"column":8},"end":{"line":313,"column":54},"skip":true},"75":{"start":{"line":314,"column":8},"end":{"line":314,"column":69},"skip":true},"76":{"start":{"line":315,"column":8},"end":{"line":323,"column":36},"skip":true},"77":{"start":{"line":316,"column":12},"end":{"line":316,"column":61},"skip":true},"78":{"start":{"line":317,"column":12},"end":{"line":320,"column":13},"skip":true},"79":{"start":{"line":318,"column":16},"end":{"line":318,"column":75},"skip":true},"80":{"start":{"line":319,"column":16},"end":{"line":319,"column":23},"skip":true},"81":{"start":{"line":321,"column":12},"end":{"line":321,"column":38},"skip":true},"82":{"start":{"line":322,"column":12},"end":{"line":322,"column":27},"skip":true},"83":{"start":{"line":324,"column":8},"end":{"line":324,"column":14},"skip":true}},"branchMap":{"1":{"line":39,"type":"binary-expr","locations":[{"start":{"line":39,"column":23},"end":{"line":39,"column":62}},{"start":{"line":40,"column":20},"end":{"line":40,"column":70}},{"start":{"line":41,"column":20},"end":{"line":41,"column":71}},{"start":{"line":42,"column":20},"end":{"line":42,"column":29}}]},"2":{"line":44,"type":"binary-expr","locations":[{"start":{"line":44,"column":23},"end":{"line":44,"column":37}},{"start":{"line":45,"column":20},"end":{"line":45,"column":61}},{"start":{"line":46,"column":20},"end":{"line":46,"column":70}},{"start":{"line":47,"column":20},"end":{"line":47,"column":26}}]},"3":{"line":51,"type":"cond-expr","locations":[{"start":{"line":52,"column":14},"end":{"line":52,"column":20}},{"start":{"line":53,"column":14},"end":{"line":53,"column":20}}]},"4":{"line":55,"type":"binary-expr","locations":[{"start":{"line":55,"column":16},"end":{"line":55,"column":44}},{"start":{"line":55,"column":49},"end":{"line":57,"column":43}}]},"5":{"line":55,"type":"cond-expr","locations":[{"start":{"line":56,"column":14},"end":{"line":56,"column":58}},{"start":{"line":57,"column":14},"end":{"line":57,"column":43}}]},"6":{"line":61,"type":"switch","locations":[{"start":{"line":68,"column":4},"end":{"line":150,"column":14},"skip":true},{"start":{"line":156,"column":4},"end":{"line":324,"column":14},"skip":true}]},"7":{"line":70,"type":"if","locations":[{"start":{"line":70,"column":12},"end":{"line":70,"column":12},"skip":true},{"start":{"line":70,"column":12},"end":{"line":70,"column":12},"skip":true}]},"8":{"line":70,"type":"binary-expr","locations":[{"start":{"line":70,"column":16},"end":{"line":70,"column":22},"skip":true},{"start":{"line":70,"column":27},"end":{"line":70,"column":32},"skip":true},{"start":{"line":71,"column":20},"end":{"line":71,"column":39},"skip":true},{"start":{"line":72,"column":20},"end":{"line":72,"column":49},"skip":true},{"start":{"line":73,"column":20},"end":{"line":73,"column":58},"skip":true},{"start":{"line":74,"column":20},"end":{"line":74,"column":69},"skip":true}]},"9":{"line":79,"type":"switch","locations":[{"start":{"line":80,"column":20},"end":{"line":80,"column":33},"skip":true},{"start":{"line":81,"column":20},"end":{"line":83,"column":30},"skip":true},{"start":{"line":84,"column":20},"end":{"line":85,"column":49},"skip":true}]},"10":{"line":89,"type":"switch","locations":[{"start":{"line":90,"column":12},"end":{"line":103,"column":22},"skip":true},{"start":{"line":105,"column":12},"end":{"line":106,"column":22},"skip":true}]},"11":{"line":89,"type":"binary-expr","locations":[{"start":{"line":89,"column":20},"end":{"line":89,"column":25},"skip":true},{"start":{"line":89,"column":29},"end":{"line":89,"column":48},"skip":true},{"start":{"line":89,"column":52},"end":{"line":89,"column":74},"skip":true}]},"12":{"line":92,"type":"if","locations":[{"start":{"line":92,"column":16},"end":{"line":92,"column":16},"skip":true},{"start":{"line":92,"column":16},"end":{"line":92,"column":16},"skip":true}]},"13":{"line":108,"type":"if","locations":[{"start":{"line":108,"column":12},"end":{"line":108,"column":12},"skip":true},{"start":{"line":108,"column":12},"end":{"line":108,"column":12},"skip":true}]},"14":{"line":108,"type":"binary-expr","locations":[{"start":{"line":108,"column":16},"end":{"line":108,"column":61},"skip":true},{"start":{"line":108,"column":66},"end":{"line":108,"column":72},"skip":true},{"start":{"line":108,"column":77},"end":{"line":108,"column":82},"skip":true},{"start":{"line":109,"column":20},"end":{"line":109,"column":39},"skip":true},{"start":{"line":110,"column":20},"end":{"line":110,"column":49},"skip":true},{"start":{"line":111,"column":20},"end":{"line":111,"column":58},"skip":true},{"start":{"line":112,"column":20},"end":{"line":112,"column":68},"skip":true}]},"15":{"line":129,"type":"if","locations":[{"start":{"line":129,"column":16},"end":{"line":129,"column":16},"skip":true},{"start":{"line":129,"column":16},"end":{"line":129,"column":16},"skip":true}]},"16":{"line":134,"type":"cond-expr","locations":[{"start":{"line":135,"column":26},"end":{"line":135,"column":29},"skip":true},{"start":{"line":136,"column":26},"end":{"line":136,"column":54},"skip":true}]},"17":{"line":164,"type":"binary-expr","locations":[{"start":{"line":164,"column":27},"end":{"line":164,"column":43},"skip":true},{"start":{"line":164,"column":47},"end":{"line":164,"column":49},"skip":true}]},"18":{"line":258,"type":"if","locations":[{"start":{"line":258,"column":8},"end":{"line":258,"column":8},"skip":true},{"start":{"line":258,"column":8},"end":{"line":258,"column":8},"skip":true}]},"19":{"line":275,"type":"switch","locations":[{"start":{"line":276,"column":20},"end":{"line":277,"column":64},"skip":true},{"start":{"line":278,"column":20},"end":{"line":279,"column":40},"skip":true},{"start":{"line":280,"column":20},"end":{"line":281,"column":40},"skip":true},{"start":{"line":282,"column":20},"end":{"line":283,"column":39},"skip":true}]},"20":{"line":288,"type":"if","locations":[{"start":{"line":288,"column":8},"end":{"line":288,"column":8},"skip":true},{"start":{"line":288,"column":8},"end":{"line":288,"column":8},"skip":true}]},"21":{"line":288,"type":"binary-expr","locations":[{"start":{"line":288,"column":12},"end":{"line":288,"column":40},"skip":true},{"start":{"line":288,"column":44},"end":{"line":288,"column":67},"skip":true}]},"22":{"line":292,"type":"binary-expr","locations":[{"start":{"line":292,"column":12},"end":{"line":292,"column":50},"skip":true},{"start":{"line":293,"column":12},"end":{"line":293,"column":53},"skip":true}]},"23":{"line":297,"type":"binary-expr","locations":[{"start":{"line":297,"column":12},"end":{"line":297,"column":72},"skip":true},{"start":{"line":298,"column":12},"end":{"line":301,"column":36},"skip":true}]},"24":{"line":303,"type":"binary-expr","locations":[{"start":{"line":303,"column":43},"end":{"line":303,"column":75},"skip":true},{"start":{"line":303,"column":79},"end":{"line":303,"column":81},"skip":true}]},"25":{"line":306,"type":"if","locations":[{"start":{"line":306,"column":8},"end":{"line":306,"column":8},"skip":true},{"start":{"line":306,"column":8},"end":{"line":306,"column":8},"skip":true}]},"26":{"line":310,"type":"if","locations":[{"start":{"line":310,"column":8},"end":{"line":310,"column":8},"skip":true},{"start":{"line":310,"column":8},"end":{"line":310,"column":8},"skip":true}]},"27":{"line":313,"type":"binary-expr","locations":[{"start":{"line":313,"column":27},"end":{"line":313,"column":43},"skip":true},{"start":{"line":313,"column":47},"end":{"line":313,"column":53},"skip":true}]},"28":{"line":317,"type":"if","locations":[{"start":{"line":317,"column":12},"end":{"line":317,"column":12},"skip":true},{"start":{"line":317,"column":12},"end":{"line":317,"column":12},"skip":true}]}},"code":["/*","example.js","","quickstart example","","instruction","    1. save this script as example.js","    2. run the shell command:","        $ npm install npmtest-swig-templates && PORT=8081 node example.js","    3. play with the browser-demo on http://127.0.0.1:8081","*/","","","","/* istanbul instrument in package npmtest_swig_templates */","/*jslint","    bitwise: true,","    browser: true,","    maxerr: 8,","    maxlen: 96,","    node: true,","    nomen: true,","    regexp: true,","    stupid: true","*/","(function () {","    'use strict';","    var local;","","","","    // run shared js-env code - init-before","    (function () {","        // init local","        local = {};","        // init modeJs","        local.modeJs = (function () {","            try {","                return typeof navigator.userAgent === 'string' &&","                    typeof document.querySelector('body') === 'object' &&","                    typeof XMLHttpRequest.prototype.open === 'function' &&","                    'browser';","            } catch (errorCaughtBrowser) {","                return module.exports &&","                    typeof process.versions.node === 'string' &&","                    typeof require('http').createServer === 'function' &&","                    'node';","            }","        }());","        // init global","        local.global = local.modeJs === 'browser'","            ? window","            : global;","        // init utility2_rollup","        local = local.global.utility2_rollup || (local.modeJs === 'browser'","            ? local.global.utility2_npmtest_swig_templates","            : global.utility2_moduleExports);","        // export local","        local.global.local = local;","    }());","    switch (local.modeJs) {","","","","    // init-after","    // run browser js-env code - init-after","    /* istanbul ignore next */","    case 'browser':","        local.testRunBrowser = function (event) {","            if (!event || (event &&","                    event.currentTarget &&","                    event.currentTarget.className &&","                    event.currentTarget.className.includes &&","                    event.currentTarget.className.includes('onreset'))) {","                // reset output","                Array.from(","                    document.querySelectorAll('body > .resettable')","                ).forEach(function (element) {","                    switch (element.tagName) {","                    case 'INPUT':","                    case 'TEXTAREA':","                        element.value = '';","                        break;","                    default:","                        element.textContent = '';","                    }","                });","            }","            switch (event && event.currentTarget && event.currentTarget.id) {","            case 'testRunButton1':","                // show tests","                if (document.querySelector('#testReportDiv1').style.display === 'none') {","                    document.querySelector('#testReportDiv1').style.display = 'block';","                    document.querySelector('#testRunButton1').textContent =","                        'hide internal test';","                    local.modeTest = true;","                    local.testRunDefault(local);","                // hide tests","                } else {","                    document.querySelector('#testReportDiv1').style.display = 'none';","                    document.querySelector('#testRunButton1').textContent = 'run internal test';","                }","                break;","            // custom-case","            default:","                break;","            }","            if (document.querySelector('#inputTextareaEval1') && (!event || (event &&","                    event.currentTarget &&","                    event.currentTarget.className &&","                    event.currentTarget.className.includes &&","                    event.currentTarget.className.includes('oneval')))) {","                // try to eval input-code","                try {","                    /*jslint evil: true*/","                    eval(document.querySelector('#inputTextareaEval1').value);","                } catch (errorCaught) {","                    console.error(errorCaught);","                }","            }","        };","        // log stderr and stdout to #outputTextareaStdout1","        ['error', 'log'].forEach(function (key) {","            console[key + '_original'] = console[key];","            console[key] = function () {","                var element;","                console[key + '_original'].apply(console, arguments);","                element = document.querySelector('#outputTextareaStdout1');","                if (!element) {","                    return;","                }","                // append text to #outputTextareaStdout1","                element.value += Array.from(arguments).map(function (arg) {","                    return typeof arg === 'string'","                        ? arg","                        : JSON.stringify(arg, null, 4);","                }).join(' ') + '\\n';","                // scroll textarea to bottom","                element.scrollTop = element.scrollHeight;","            };","        });","        // init event-handling","        ['change', 'click', 'keyup'].forEach(function (event) {","            Array.from(document.querySelectorAll('.on' + event)).forEach(function (element) {","                element.addEventListener(event, local.testRunBrowser);","            });","        });","        // run tests","        local.testRunBrowser();","        break;","","","","    // run node js-env code - init-after","    /* istanbul ignore next */","    case 'node':","        // export local","        module.exports = local;","        // require modules","        local.fs = require('fs');","        local.http = require('http');","        local.url = require('url');","        // init assets","        local.assetsDict = local.assetsDict || {};","        /* jslint-ignore-begin */","        local.assetsDict['/assets.index.template.html'] = '\\","<!doctype html>\\n\\","<html lang=\"en\">\\n\\","<head>\\n\\","<meta charset=\"UTF-8\">\\n\\","<meta name=\"viewport\" content=\"width=device-width, initial-scale=1\">\\n\\","<title>{{env.npm_package_name}} (v{{env.npm_package_version}})</title>\\n\\","<style>\\n\\","/*csslint\\n\\","    box-sizing: false,\\n\\","    universal-selector: false\\n\\","*/\\n\\","* {\\n\\","    box-sizing: border-box;\\n\\","}\\n\\","body {\\n\\","    background: #dde;\\n\\","    font-family: Arial, Helvetica, sans-serif;\\n\\","    margin: 2rem;\\n\\","}\\n\\","body > * {\\n\\","    margin-bottom: 1rem;\\n\\","}\\n\\",".utility2FooterDiv {\\n\\","    margin-top: 20px;\\n\\","    text-align: center;\\n\\","}\\n\\","</style>\\n\\","<style>\\n\\","/*csslint\\n\\","*/\\n\\","textarea {\\n\\","    font-family: monospace;\\n\\","    height: 10rem;\\n\\","    width: 100%;\\n\\","}\\n\\","textarea[readonly] {\\n\\","    background: #ddd;\\n\\","}\\n\\","</style>\\n\\","</head>\\n\\","<body>\\n\\","<!-- utility2-comment\\n\\","<div id=\"ajaxProgressDiv1\" style=\"background: #d00; height: 2px; left: 0; margin: 0; padding: 0; position: fixed; top: 0; transition: background 0.5s, width 1.5s; width: 25%;\"></div>\\n\\","utility2-comment -->\\n\\","<h1>\\n\\","<!-- utility2-comment\\n\\","    <a\\n\\","        {{#if env.npm_package_homepage}}\\n\\","        href=\"{{env.npm_package_homepage}}\"\\n\\","        {{/if env.npm_package_homepage}}\\n\\","        target=\"_blank\"\\n\\","    >\\n\\","utility2-comment -->\\n\\","        {{env.npm_package_name}} (v{{env.npm_package_version}})\\n\\","<!-- utility2-comment\\n\\","    </a>\\n\\","utility2-comment -->\\n\\","</h1>\\n\\","<h3>{{env.npm_package_description}}</h3>\\n\\","<!-- utility2-comment\\n\\","<h4><a download href=\"assets.app.js\">download standalone app</a></h4>\\n\\","<button class=\"onclick onreset\" id=\"testRunButton1\">run internal test</button><br>\\n\\","<div id=\"testReportDiv1\" style=\"display: none;\"></div>\\n\\","utility2-comment -->\\n\\","\\n\\","\\n\\","\\n\\","<label>stderr and stdout</label>\\n\\","<textarea class=\"resettable\" id=\"outputTextareaStdout1\" readonly></textarea>\\n\\","<!-- utility2-comment\\n\\","{{#if isRollup}}\\n\\","<script src=\"assets.app.js\"></script>\\n\\","{{#unless isRollup}}\\n\\","utility2-comment -->\\n\\","<script src=\"assets.utility2.rollup.js\"></script>\\n\\","<script src=\"jsonp.utility2._stateInit?callback=window.utility2._stateInit\"></script>\\n\\","<script src=\"assets.npmtest_swig_templates.rollup.js\"></script>\\n\\","<script src=\"assets.example.js\"></script>\\n\\","<script src=\"assets.test.js\"></script>\\n\\","<!-- utility2-comment\\n\\","{{/if isRollup}}\\n\\","utility2-comment -->\\n\\","<div class=\"utility2FooterDiv\">\\n\\","    [ this app was created with\\n\\","    <a href=\"https://github.com/kaizhu256/node-utility2\" target=\"_blank\">utility2</a>\\n\\","    ]\\n\\","</div>\\n\\","</body>\\n\\","</html>\\n\\","';","        /* jslint-ignore-end */","        if (local.templateRender) {","            local.assetsDict['/'] = local.templateRender(","                local.assetsDict['/assets.index.template.html'],","                {","                    env: local.objectSetDefault(local.env, {","                        npm_package_description: 'the greatest app in the world!',","                        npm_package_name: 'my-app',","                        npm_package_nameAlias: 'my_app',","                        npm_package_version: '0.0.1'","                    })","                }","            );","        } else {","            local.assetsDict['/'] = local.assetsDict['/assets.index.template.html']","                .replace((/\\{\\{env\\.(\\w+?)\\}\\}/g), function (match0, match1) {","                    // jslint-hack","                    String(match0);","                    switch (match1) {","                    case 'npm_package_description':","                        return 'the greatest app in the world!';","                    case 'npm_package_name':","                        return 'my-app';","                    case 'npm_package_nameAlias':","                        return 'my_app';","                    case 'npm_package_version':","                        return '0.0.1';","                    }","                });","        }","        // run the cli","        if (local.global.utility2_rollup || module !== require.main) {","            break;","        }","        local.assetsDict['/assets.example.js'] =","            local.assetsDict['/assets.example.js'] ||","            local.fs.readFileSync(__filename, 'utf8');","        // bug-workaround - long $npm_package_buildCustomOrg","        /* jslint-ignore-begin */","        local.assetsDict['/assets.npmtest_swig_templates.rollup.js'] =","            local.assetsDict['/assets.npmtest_swig_templates.rollup.js'] ||","            local.fs.readFileSync(","                local.npmtest_swig_templates.__dirname + '/lib.npmtest_swig_templates.js',","                'utf8'","            ).replace((/^#!/), '//');","        /* jslint-ignore-end */","        local.assetsDict['/favicon.ico'] = local.assetsDict['/favicon.ico'] || '';","        // if $npm_config_timeout_exit exists,","        // then exit this process after $npm_config_timeout_exit ms","        if (Number(process.env.npm_config_timeout_exit)) {","            setTimeout(process.exit, Number(process.env.npm_config_timeout_exit));","        }","        // start server","        if (local.global.utility2_serverHttp1) {","            break;","        }","        process.env.PORT = process.env.PORT || '8081';","        console.error('server starting on port ' + process.env.PORT);","        local.http.createServer(function (request, response) {","            request.urlParsed = local.url.parse(request.url);","            if (local.assetsDict[request.urlParsed.pathname] !== undefined) {","                response.end(local.assetsDict[request.urlParsed.pathname]);","                return;","            }","            response.statusCode = 404;","            response.end();","        }).listen(process.env.PORT);","        break;","    }","}());",""],"l":{"26":2,"28":2,"33":2,"35":2,"37":2,"38":2,"39":2,"44":1,"51":2,"55":2,"59":2,"61":2,"69":1,"70":2,"76":2,"79":2,"82":2,"83":2,"85":1,"89":2,"92":1,"93":1,"94":1,"96":1,"97":1,"100":1,"101":1,"103":1,"106":1,"108":2,"114":1,"116":1,"118":1,"123":1,"124":2,"125":2,"126":3,"127":3,"128":3,"129":3,"130":1,"133":3,"134":3,"139":3,"143":1,"144":3,"145":1,"149":1,"150":1,"158":1,"160":1,"161":1,"162":1,"164":1,"166":1,"258":1,"259":1,"271":1,"274":6,"275":6,"277":1,"279":2,"281":1,"283":2,"288":1,"289":1,"291":1,"296":1,"303":1,"306":1,"307":1,"310":1,"311":1,"313":1,"314":1,"315":1,"316":1,"317":1,"318":1,"319":1,"321":1,"322":1,"324":1}},"/home/travis/build/npmtest/node-npmtest-swig-templates/node_modules/swig-templates/index.js":{"path":"/home/travis/build/npmtest/node-npmtest-swig-templates/node_modules/swig-templates/index.js","s":{"1":1},"b":{},"f":{},"fnMap":{},"statementMap":{"1":{"start":{"line":1,"column":0},"end":{"line":1,"column":39}}},"branchMap":{},"code":["module.exports = require('./lib/swig');",""],"l":{"1":1}},"/home/travis/build/npmtest/node-npmtest-swig-templates/node_modules/swig-templates/lib/swig.js":{"path":"/home/travis/build/npmtest/node-npmtest-swig-templates/node_modules/swig-templates/lib/swig.js","s":{"1":1,"2":1,"3":1,"4":1,"5":0,"6":1,"7":1,"8":1,"9":0,"10":0,"11":0,"12":0,"13":0,"14":0,"15":0,"16":0,"17":0,"18":0,"19":0,"20":0,"21":0,"22":0,"23":0,"24":0,"25":0,"26":0,"27":1,"28":0,"29":0,"30":1,"31":0,"32":1,"33":1,"34":1,"35":1,"36":1,"37":1,"38":1,"39":0,"40":0,"41":0,"42":1,"43":0,"44":0,"45":1,"46":0,"47":0,"48":0,"49":0,"50":0,"51":1,"52":0,"53":0,"54":0,"55":0,"56":0,"57":0,"58":1,"59":0,"60":0,"61":1,"62":0,"63":0,"64":0,"65":1,"66":0,"67":0,"68":0,"69":0,"70":0,"71":1,"72":0,"73":1,"74":0,"75":0,"76":0,"77":0,"78":0,"79":0,"80":0,"81":0,"82":1,"83":0,"84":0,"85":0,"86":0,"87":0,"88":0,"89":0,"90":0,"91":1,"92":0,"93":0,"94":0,"95":0,"96":0,"97":0,"98":0,"99":1,"100":0,"101":0,"102":0,"103":0,"104":0,"105":0,"106":1,"107":0,"108":0,"109":0,"110":0,"111":0,"112":0,"113":0,"114":0,"115":0,"116":0,"117":0,"118":0,"119":0,"120":0,"121":0,"122":0,"123":0,"124":1,"125":0,"126":0,"127":0,"128":0,"129":0,"130":0,"131":0,"132":0,"133":1,"134":0,"135":1,"136":0,"137":0,"138":0,"139":0,"140":0,"141":0,"142":0,"143":0,"144":0,"145":0,"146":0,"147":0,"148":0,"149":1,"150":0,"151":0,"152":0,"153":0,"154":0,"155":0,"156":1,"157":0,"158":0,"159":0,"160":0,"161":0,"162":0,"163":0,"164":0,"165":0,"166":0,"167":0,"168":0,"169":0,"170":1,"171":0,"172":0,"173":0,"174":0,"175":0,"176":0,"177":0,"178":0,"179":0,"180":0,"181":0,"182":0,"183":0,"184":0,"185":0,"186":0,"187":0,"188":0,"189":0,"190":0,"191":0,"192":0,"193":0,"194":0,"195":0,"196":0,"197":1,"198":0,"199":0,"200":0,"201":0,"202":1,"203":1,"204":1,"205":1,"206":1,"207":1,"208":1,"209":1,"210":1,"211":1,"212":1,"213":1,"214":1},"b":{"1":[1,0],"2":[0,0],"3":[0,0],"4":[0,0],"5":[0,0],"6":[0,0],"7":[0,0],"8":[0,0],"9":[0,0],"10":[0,0],"11":[0,0],"12":[0,0],"13":[0,0],"14":[0,0],"15":[0,0],"16":[0,0],"17":[1,1],"18":[0,0],"19":[0,0],"20":[0,0],"21":[0,0,0],"22":[0,0],"23":[0,0],"24":[0,0],"25":[0,0],"26":[0,0],"27":[0,0],"28":[0,0],"29":[0,0],"30":[0,0],"31":[0,0],"32":[0,0],"33":[0,0],"34":[0,0],"35":[0,0],"36":[0,0],"37":[0,0],"38":[0,0],"39":[0,0],"40":[0,0],"41":[0,0],"42":[0,0],"43":[0,0],"44":[0,0],"45":[0,0],"46":[0,0],"47":[0,0],"48":[0,0],"49":[0,0],"50":[0,0],"51":[0,0],"52":[0,0],"53":[0,0],"54":[0,0],"55":[0,0],"56":[0,0],"57":[0,0],"58":[0,0],"59":[0,0],"60":[0,0],"61":[0,0],"62":[0,0],"63":[0,0],"64":[0,0],"65":[0,0]},"f":{"1":0,"2":1,"3":0,"4":0,"5":0,"6":0,"7":1,"8":0,"9":0,"10":0,"11":0,"12":0,"13":0,"14":0,"15":0,"16":0,"17":0,"18":0,"19":0,"20":0,"21":0,"22":0,"23":0,"24":0,"25":0,"26":0,"27":0,"28":0,"29":0,"30":0,"31":0,"32":0},"fnMap":{"1":{"name":"efn","line":80,"loc":{"start":{"line":80,"column":0},"end":{"line":80,"column":15}}},"2":{"name":"validateOptions","line":88,"loc":{"start":{"line":88,"column":0},"end":{"line":88,"column":34}}},"3":{"name":"(anonymous_3)","line":93,"loc":{"start":{"line":93,"column":60},"end":{"line":93,"column":75}}},"4":{"name":"(anonymous_4)","line":103,"loc":{"start":{"line":103,"column":29},"end":{"line":103,"column":45}}},"5":{"name":"(anonymous_5)","line":143,"loc":{"start":{"line":143,"column":22},"end":{"line":143,"column":41}}},"6":{"name":"(anonymous_6)","line":153,"loc":{"start":{"line":153,"column":29},"end":{"line":153,"column":47}}},"7":{"name":"(anonymous_7)","line":171,"loc":{"start":{"line":171,"column":15},"end":{"line":171,"column":31}}},"8":{"name":"getLocals","line":186,"loc":{"start":{"line":186,"column":2},"end":{"line":186,"column":30}}},"9":{"name":"shouldCache","line":200,"loc":{"start":{"line":200,"column":2},"end":{"line":200,"column":32}}},"10":{"name":"cacheGet","line":211,"loc":{"start":{"line":211,"column":2},"end":{"line":211,"column":34}}},"11":{"name":"cacheSet","line":230,"loc":{"start":{"line":230,"column":2},"end":{"line":230,"column":39}}},"12":{"name":"(anonymous_12)","line":251,"loc":{"start":{"line":251,"column":25},"end":{"line":251,"column":37}}},"13":{"name":"(anonymous_13)","line":270,"loc":{"start":{"line":270,"column":19},"end":{"line":270,"column":43}}},"14":{"name":"(anonymous_14)","line":295,"loc":{"start":{"line":295,"column":16},"end":{"line":295,"column":66}}},"15":{"name":"(anonymous_15)","line":326,"loc":{"start":{"line":326,"column":22},"end":{"line":326,"column":46}}},"16":{"name":"(anonymous_16)","line":338,"loc":{"start":{"line":338,"column":15},"end":{"line":338,"column":42}}},"17":{"name":"(anonymous_17)","line":365,"loc":{"start":{"line":365,"column":19},"end":{"line":365,"column":48}}},"18":{"name":"remapBlocks","line":390,"loc":{"start":{"line":390,"column":2},"end":{"line":390,"column":39}}},"19":{"name":"(anonymous_19)","line":391,"loc":{"start":{"line":391,"column":29},"end":{"line":391,"column":46}}},"20":{"name":"importNonBlocks","line":410,"loc":{"start":{"line":410,"column":2},"end":{"line":410,"column":43}}},"21":{"name":"(anonymous_21)","line":412,"loc":{"start":{"line":412,"column":23},"end":{"line":412,"column":40}}},"22":{"name":"(anonymous_22)","line":413,"loc":{"start":{"line":413,"column":31},"end":{"line":413,"column":48}}},"23":{"name":"getParents","line":428,"loc":{"start":{"line":428,"column":2},"end":{"line":428,"column":39}}},"24":{"name":"(anonymous_24)","line":485,"loc":{"start":{"line":485,"column":20},"end":{"line":485,"column":47}}},"25":{"name":"(anonymous_25)","line":523,"loc":{"start":{"line":523,"column":16},"end":{"line":523,"column":43}}},"26":{"name":"(anonymous_26)","line":547,"loc":{"start":{"line":547,"column":20},"end":{"line":547,"column":52}}},"27":{"name":"(anonymous_27)","line":549,"loc":{"start":{"line":549,"column":37},"end":{"line":549,"column":56}}},"28":{"name":"(anonymous_28)","line":592,"loc":{"start":{"line":592,"column":17},"end":{"line":592,"column":44}}},"29":{"name":"compiled","line":607,"loc":{"start":{"line":607,"column":4},"end":{"line":607,"column":30}}},"30":{"name":"(anonymous_30)","line":653,"loc":{"start":{"line":653,"column":21},"end":{"line":653,"column":54}}},"31":{"name":"(anonymous_31)","line":675,"loc":{"start":{"line":675,"column":41},"end":{"line":675,"column":61}}},"32":{"name":"(anonymous_32)","line":715,"loc":{"start":{"line":715,"column":13},"end":{"line":715,"column":46}}}},"statementMap":{"1":{"start":{"line":1,"column":0},"end":{"line":6,"column":33}},"2":{"start":{"line":15,"column":0},"end":{"line":15,"column":26}},"3":{"start":{"line":28,"column":0},"end":{"line":73,"column":18}},"4":{"start":{"line":80,"column":0},"end":{"line":80,"column":29}},"5":{"start":{"line":80,"column":17},"end":{"line":80,"column":27}},"6":{"start":{"line":88,"column":0},"end":{"line":125,"column":1}},"7":{"start":{"line":89,"column":2},"end":{"line":91,"column":3}},"8":{"start":{"line":90,"column":4},"end":{"line":90,"column":11}},"9":{"start":{"line":93,"column":2},"end":{"line":108,"column":5}},"10":{"start":{"line":94,"column":4},"end":{"line":96,"column":5}},"11":{"start":{"line":95,"column":6},"end":{"line":95,"column":13}},"12":{"start":{"line":97,"column":4},"end":{"line":99,"column":5}},"13":{"start":{"line":98,"column":6},"end":{"line":98,"column":103}},"14":{"start":{"line":100,"column":4},"end":{"line":102,"column":5}},"15":{"start":{"line":101,"column":6},"end":{"line":101,"column":92}},"16":{"start":{"line":103,"column":4},"end":{"line":107,"column":7}},"17":{"start":{"line":104,"column":6},"end":{"line":106,"column":7}},"18":{"start":{"line":105,"column":8},"end":{"line":105,"column":144}},"19":{"start":{"line":110,"column":2},"end":{"line":116,"column":3}},"20":{"start":{"line":111,"column":4},"end":{"line":115,"column":5}},"21":{"start":{"line":112,"column":6},"end":{"line":114,"column":7}},"22":{"start":{"line":113,"column":8},"end":{"line":113,"column":183}},"23":{"start":{"line":117,"column":2},"end":{"line":123,"column":3}},"24":{"start":{"line":118,"column":4},"end":{"line":122,"column":5}},"25":{"start":{"line":119,"column":6},"end":{"line":121,"column":7}},"26":{"start":{"line":120,"column":8},"end":{"line":120,"column":185}},"27":{"start":{"line":143,"column":0},"end":{"line":146,"column":2}},"28":{"start":{"line":144,"column":2},"end":{"line":144,"column":27}},"29":{"start":{"line":145,"column":2},"end":{"line":145,"column":75}},"30":{"start":{"line":153,"column":0},"end":{"line":155,"column":2}},"31":{"start":{"line":154,"column":2},"end":{"line":154,"column":34}},"32":{"start":{"line":171,"column":0},"end":{"line":722,"column":2}},"33":{"start":{"line":172,"column":2},"end":{"line":172,"column":24}},"34":{"start":{"line":173,"column":2},"end":{"line":173,"column":62}},"35":{"start":{"line":174,"column":2},"end":{"line":174,"column":18}},"36":{"start":{"line":175,"column":2},"end":{"line":175,"column":23}},"37":{"start":{"line":176,"column":2},"end":{"line":178,"column":23}},"38":{"start":{"line":186,"column":2},"end":{"line":192,"column":3}},"39":{"start":{"line":187,"column":4},"end":{"line":189,"column":5}},"40":{"start":{"line":188,"column":6},"end":{"line":188,"column":33}},"41":{"start":{"line":191,"column":4},"end":{"line":191,"column":65}},"42":{"start":{"line":200,"column":2},"end":{"line":203,"column":3}},"43":{"start":{"line":201,"column":4},"end":{"line":201,"column":28}},"44":{"start":{"line":202,"column":4},"end":{"line":202,"column":86}},"45":{"start":{"line":211,"column":2},"end":{"line":221,"column":3}},"46":{"start":{"line":212,"column":4},"end":{"line":214,"column":5}},"47":{"start":{"line":213,"column":6},"end":{"line":213,"column":13}},"48":{"start":{"line":216,"column":4},"end":{"line":218,"column":5}},"49":{"start":{"line":217,"column":6},"end":{"line":217,"column":29}},"50":{"start":{"line":220,"column":4},"end":{"line":220,"column":39}},"51":{"start":{"line":230,"column":2},"end":{"line":241,"column":3}},"52":{"start":{"line":231,"column":4},"end":{"line":233,"column":5}},"53":{"start":{"line":232,"column":6},"end":{"line":232,"column":13}},"54":{"start":{"line":235,"column":4},"end":{"line":238,"column":5}},"55":{"start":{"line":236,"column":6},"end":{"line":236,"column":28}},"56":{"start":{"line":237,"column":6},"end":{"line":237,"column":13}},"57":{"start":{"line":240,"column":4},"end":{"line":240,"column":37}},"58":{"start":{"line":251,"column":2},"end":{"line":255,"column":4}},"59":{"start":{"line":252,"column":4},"end":{"line":254,"column":5}},"60":{"start":{"line":253,"column":6},"end":{"line":253,"column":22}},"61":{"start":{"line":270,"column":2},"end":{"line":275,"column":4}},"62":{"start":{"line":271,"column":4},"end":{"line":273,"column":5}},"63":{"start":{"line":272,"column":6},"end":{"line":272,"column":72}},"64":{"start":{"line":274,"column":4},"end":{"line":274,"column":27}},"65":{"start":{"line":295,"column":2},"end":{"line":310,"column":4}},"66":{"start":{"line":296,"column":4},"end":{"line":298,"column":5}},"67":{"start":{"line":297,"column":6},"end":{"line":297,"column":82}},"68":{"start":{"line":300,"column":4},"end":{"line":302,"column":5}},"69":{"start":{"line":301,"column":6},"end":{"line":301,"column":84}},"70":{"start":{"line":304,"column":4},"end":{"line":309,"column":6}},"71":{"start":{"line":326,"column":2},"end":{"line":328,"column":4}},"72":{"start":{"line":327,"column":4},"end":{"line":327,"column":35}},"73":{"start":{"line":338,"column":2},"end":{"line":355,"column":4}},"74":{"start":{"line":339,"column":4},"end":{"line":339,"column":29}},"75":{"start":{"line":341,"column":4},"end":{"line":343,"column":8}},"76":{"start":{"line":345,"column":4},"end":{"line":349,"column":5}},"77":{"start":{"line":346,"column":6},"end":{"line":348,"column":7}},"78":{"start":{"line":347,"column":8},"end":{"line":347,"column":28}},"79":{"start":{"line":351,"column":4},"end":{"line":351,"column":50}},"80":{"start":{"line":352,"column":4},"end":{"line":352,"column":28}},"81":{"start":{"line":354,"column":4},"end":{"line":354,"column":62}},"82":{"start":{"line":365,"column":2},"end":{"line":381,"column":4}},"83":{"start":{"line":366,"column":4},"end":{"line":366,"column":12}},"84":{"start":{"line":368,"column":4},"end":{"line":370,"column":5}},"85":{"start":{"line":369,"column":6},"end":{"line":369,"column":19}},"86":{"start":{"line":372,"column":4},"end":{"line":372,"column":74}},"87":{"start":{"line":374,"column":4},"end":{"line":374,"column":45}},"88":{"start":{"line":376,"column":4},"end":{"line":378,"column":5}},"89":{"start":{"line":377,"column":6},"end":{"line":377,"column":62}},"90":{"start":{"line":380,"column":4},"end":{"line":380,"column":36}},"91":{"start":{"line":390,"column":2},"end":{"line":401,"column":3}},"92":{"start":{"line":391,"column":4},"end":{"line":400,"column":7}},"93":{"start":{"line":392,"column":6},"end":{"line":392,"column":55}},"94":{"start":{"line":393,"column":6},"end":{"line":395,"column":7}},"95":{"start":{"line":394,"column":8},"end":{"line":394,"column":29}},"96":{"start":{"line":396,"column":6},"end":{"line":398,"column":7}},"97":{"start":{"line":397,"column":8},"end":{"line":397,"column":59}},"98":{"start":{"line":399,"column":6},"end":{"line":399,"column":19}},"99":{"start":{"line":410,"column":2},"end":{"line":418,"column":3}},"100":{"start":{"line":411,"column":4},"end":{"line":411,"column":18}},"101":{"start":{"line":412,"column":4},"end":{"line":412,"column":63}},"102":{"start":{"line":412,"column":42},"end":{"line":412,"column":59}},"103":{"start":{"line":413,"column":4},"end":{"line":417,"column":7}},"104":{"start":{"line":414,"column":6},"end":{"line":416,"column":7}},"105":{"start":{"line":415,"column":8},"end":{"line":415,"column":30}},"106":{"start":{"line":428,"column":2},"end":{"line":462,"column":3}},"107":{"start":{"line":429,"column":4},"end":{"line":434,"column":8}},"108":{"start":{"line":436,"column":4},"end":{"line":452,"column":5}},"109":{"start":{"line":437,"column":6},"end":{"line":439,"column":7}},"110":{"start":{"line":438,"column":8},"end":{"line":438,"column":104}},"111":{"start":{"line":441,"column":6},"end":{"line":441,"column":50}},"112":{"start":{"line":442,"column":6},"end":{"line":442,"column":71}},"113":{"start":{"line":443,"column":6},"end":{"line":443,"column":128}},"114":{"start":{"line":444,"column":6},"end":{"line":444,"column":33}},"115":{"start":{"line":446,"column":6},"end":{"line":448,"column":7}},"116":{"start":{"line":447,"column":8},"end":{"line":447,"column":77}},"117":{"start":{"line":449,"column":6},"end":{"line":449,"column":35}},"118":{"start":{"line":451,"column":6},"end":{"line":451,"column":27}},"119":{"start":{"line":455,"column":4},"end":{"line":455,"column":23}},"120":{"start":{"line":456,"column":4},"end":{"line":459,"column":5}},"121":{"start":{"line":457,"column":6},"end":{"line":457,"column":80}},"122":{"start":{"line":458,"column":6},"end":{"line":458,"column":60}},"123":{"start":{"line":461,"column":4},"end":{"line":461,"column":19}},"124":{"start":{"line":485,"column":2},"end":{"line":508,"column":4}},"125":{"start":{"line":486,"column":4},"end":{"line":488,"column":10}},"126":{"start":{"line":490,"column":4},"end":{"line":494,"column":5}},"127":{"start":{"line":492,"column":6},"end":{"line":492,"column":68}},"128":{"start":{"line":493,"column":6},"end":{"line":493,"column":52}},"129":{"start":{"line":496,"column":4},"end":{"line":505,"column":5}},"130":{"start":{"line":497,"column":6},"end":{"line":502,"column":10}},"131":{"start":{"line":504,"column":6},"end":{"line":504,"column":50}},"132":{"start":{"line":507,"column":4},"end":{"line":507,"column":40}},"133":{"start":{"line":523,"column":2},"end":{"line":525,"column":4}},"134":{"start":{"line":524,"column":4},"end":{"line":524,"column":43}},"135":{"start":{"line":547,"column":2},"end":{"line":570,"column":4}},"136":{"start":{"line":548,"column":4},"end":{"line":567,"column":5}},"137":{"start":{"line":549,"column":6},"end":{"line":565,"column":9}},"138":{"start":{"line":550,"column":8},"end":{"line":550,"column":19}},"139":{"start":{"line":552,"column":8},"end":{"line":555,"column":9}},"140":{"start":{"line":553,"column":10},"end":{"line":553,"column":18}},"141":{"start":{"line":554,"column":10},"end":{"line":554,"column":17}},"142":{"start":{"line":557,"column":8},"end":{"line":562,"column":9}},"143":{"start":{"line":558,"column":10},"end":{"line":558,"column":30}},"144":{"start":{"line":560,"column":10},"end":{"line":560,"column":19}},"145":{"start":{"line":561,"column":10},"end":{"line":561,"column":17}},"146":{"start":{"line":564,"column":8},"end":{"line":564,"column":25}},"147":{"start":{"line":566,"column":6},"end":{"line":566,"column":13}},"148":{"start":{"line":569,"column":4},"end":{"line":569,"column":46}},"149":{"start":{"line":592,"column":2},"end":{"line":628,"column":4}},"150":{"start":{"line":593,"column":4},"end":{"line":597,"column":10}},"151":{"start":{"line":599,"column":4},"end":{"line":601,"column":5}},"152":{"start":{"line":600,"column":6},"end":{"line":600,"column":20}},"153":{"start":{"line":603,"column":4},"end":{"line":603,"column":33}},"154":{"start":{"line":604,"column":4},"end":{"line":604,"column":47}},"155":{"start":{"line":605,"column":4},"end":{"line":605,"column":43}},"156":{"start":{"line":607,"column":4},"end":{"line":619,"column":5}},"157":{"start":{"line":608,"column":6},"end":{"line":608,"column":15}},"158":{"start":{"line":609,"column":6},"end":{"line":617,"column":7}},"159":{"start":{"line":610,"column":8},"end":{"line":610,"column":49}},"160":{"start":{"line":611,"column":13},"end":{"line":617,"column":7}},"161":{"start":{"line":612,"column":8},"end":{"line":612,"column":22}},"162":{"start":{"line":613,"column":13},"end":{"line":617,"column":7}},"163":{"start":{"line":614,"column":8},"end":{"line":614,"column":23}},"164":{"start":{"line":616,"column":8},"end":{"line":616,"column":18}},"165":{"start":{"line":618,"column":6},"end":{"line":618,"column":54}},"166":{"start":{"line":621,"column":4},"end":{"line":621,"column":39}},"167":{"start":{"line":623,"column":4},"end":{"line":625,"column":5}},"168":{"start":{"line":624,"column":6},"end":{"line":624,"column":39}},"169":{"start":{"line":627,"column":4},"end":{"line":627,"column":20}},"170":{"start":{"line":653,"column":2},"end":{"line":696,"column":4}},"171":{"start":{"line":654,"column":4},"end":{"line":654,"column":20}},"172":{"start":{"line":656,"column":4},"end":{"line":658,"column":5}},"173":{"start":{"line":657,"column":6},"end":{"line":657,"column":19}},"174":{"start":{"line":660,"column":4},"end":{"line":660,"column":74}},"175":{"start":{"line":661,"column":4},"end":{"line":663,"column":5}},"176":{"start":{"line":662,"column":6},"end":{"line":662,"column":62}},"177":{"start":{"line":664,"column":4},"end":{"line":664,"column":41}},"178":{"start":{"line":666,"column":4},"end":{"line":672,"column":5}},"179":{"start":{"line":667,"column":6},"end":{"line":670,"column":7}},"180":{"start":{"line":668,"column":8},"end":{"line":668,"column":25}},"181":{"start":{"line":669,"column":8},"end":{"line":669,"column":15}},"182":{"start":{"line":671,"column":6},"end":{"line":671,"column":20}},"183":{"start":{"line":674,"column":4},"end":{"line":692,"column":5}},"184":{"start":{"line":675,"column":6},"end":{"line":690,"column":9}},"185":{"start":{"line":676,"column":8},"end":{"line":679,"column":9}},"186":{"start":{"line":677,"column":10},"end":{"line":677,"column":18}},"187":{"start":{"line":678,"column":10},"end":{"line":678,"column":17}},"188":{"start":{"line":680,"column":8},"end":{"line":680,"column":21}},"189":{"start":{"line":682,"column":8},"end":{"line":687,"column":9}},"190":{"start":{"line":683,"column":10},"end":{"line":683,"column":48}},"191":{"start":{"line":685,"column":10},"end":{"line":685,"column":19}},"192":{"start":{"line":686,"column":10},"end":{"line":686,"column":17}},"193":{"start":{"line":689,"column":8},"end":{"line":689,"column":26}},"194":{"start":{"line":691,"column":6},"end":{"line":691,"column":13}},"195":{"start":{"line":694,"column":4},"end":{"line":694,"column":45}},"196":{"start":{"line":695,"column":4},"end":{"line":695,"column":38}},"197":{"start":{"line":715,"column":2},"end":{"line":721,"column":4}},"198":{"start":{"line":716,"column":4},"end":{"line":716,"column":48}},"199":{"start":{"line":717,"column":4},"end":{"line":719,"column":5}},"200":{"start":{"line":718,"column":6},"end":{"line":718,"column":34}},"201":{"start":{"line":720,"column":4},"end":{"line":720,"column":51}},"202":{"start":{"line":727,"column":0},"end":{"line":727,"column":37}},"203":{"start":{"line":728,"column":0},"end":{"line":728,"column":46}},"204":{"start":{"line":729,"column":0},"end":{"line":729,"column":40}},"205":{"start":{"line":730,"column":0},"end":{"line":730,"column":52}},"206":{"start":{"line":731,"column":0},"end":{"line":731,"column":46}},"207":{"start":{"line":732,"column":0},"end":{"line":732,"column":48}},"208":{"start":{"line":733,"column":0},"end":{"line":733,"column":42}},"209":{"start":{"line":734,"column":0},"end":{"line":734,"column":50}},"210":{"start":{"line":735,"column":0},"end":{"line":735,"column":40}},"211":{"start":{"line":736,"column":0},"end":{"line":736,"column":48}},"212":{"start":{"line":737,"column":0},"end":{"line":737,"column":34}},"213":{"start":{"line":738,"column":0},"end":{"line":738,"column":58}},"214":{"start":{"line":739,"column":0},"end":{"line":739,"column":26}}},"branchMap":{"1":{"line":89,"type":"if","locations":[{"start":{"line":89,"column":2},"end":{"line":89,"column":2}},{"start":{"line":89,"column":2},"end":{"line":89,"column":2}}]},"2":{"line":94,"type":"if","locations":[{"start":{"line":94,"column":4},"end":{"line":94,"column":4}},{"start":{"line":94,"column":4},"end":{"line":94,"column":4}}]},"3":{"line":97,"type":"if","locations":[{"start":{"line":97,"column":4},"end":{"line":97,"column":4}},{"start":{"line":97,"column":4},"end":{"line":97,"column":4}}]},"4":{"line":97,"type":"binary-expr","locations":[{"start":{"line":97,"column":8},"end":{"line":97,"column":36}},{"start":{"line":97,"column":40},"end":{"line":97,"column":65}}]},"5":{"line":100,"type":"if","locations":[{"start":{"line":100,"column":4},"end":{"line":100,"column":4}},{"start":{"line":100,"column":4},"end":{"line":100,"column":4}}]},"6":{"line":104,"type":"if","locations":[{"start":{"line":104,"column":6},"end":{"line":104,"column":6}},{"start":{"line":104,"column":6},"end":{"line":104,"column":6}}]},"7":{"line":105,"type":"cond-expr","locations":[{"start":{"line":105,"column":55},"end":{"line":105,"column":62}},{"start":{"line":105,"column":65},"end":{"line":105,"column":73}}]},"8":{"line":110,"type":"if","locations":[{"start":{"line":110,"column":2},"end":{"line":110,"column":2}},{"start":{"line":110,"column":2},"end":{"line":110,"column":2}}]},"9":{"line":111,"type":"if","locations":[{"start":{"line":111,"column":4},"end":{"line":111,"column":4}},{"start":{"line":111,"column":4},"end":{"line":111,"column":4}}]},"10":{"line":111,"type":"binary-expr","locations":[{"start":{"line":111,"column":8},"end":{"line":111,"column":21}},{"start":{"line":111,"column":25},"end":{"line":111,"column":51}}]},"11":{"line":112,"type":"if","locations":[{"start":{"line":112,"column":6},"end":{"line":112,"column":6}},{"start":{"line":112,"column":6},"end":{"line":112,"column":6}}]},"12":{"line":112,"type":"binary-expr","locations":[{"start":{"line":112,"column":10},"end":{"line":112,"column":28}},{"start":{"line":112,"column":32},"end":{"line":112,"column":50}}]},"13":{"line":117,"type":"if","locations":[{"start":{"line":117,"column":2},"end":{"line":117,"column":2}},{"start":{"line":117,"column":2},"end":{"line":117,"column":2}}]},"14":{"line":118,"type":"if","locations":[{"start":{"line":118,"column":4},"end":{"line":118,"column":4}},{"start":{"line":118,"column":4},"end":{"line":118,"column":4}}]},"15":{"line":119,"type":"if","locations":[{"start":{"line":119,"column":6},"end":{"line":119,"column":6}},{"start":{"line":119,"column":6},"end":{"line":119,"column":6}}]},"16":{"line":119,"type":"binary-expr","locations":[{"start":{"line":119,"column":10},"end":{"line":119,"column":30}},{"start":{"line":119,"column":34},"end":{"line":119,"column":57}}]},"17":{"line":173,"type":"binary-expr","locations":[{"start":{"line":173,"column":50},"end":{"line":173,"column":54}},{"start":{"line":173,"column":58},"end":{"line":173,"column":60}}]},"18":{"line":187,"type":"if","locations":[{"start":{"line":187,"column":4},"end":{"line":187,"column":4}},{"start":{"line":187,"column":4},"end":{"line":187,"column":4}}]},"19":{"line":187,"type":"binary-expr","locations":[{"start":{"line":187,"column":8},"end":{"line":187,"column":16}},{"start":{"line":187,"column":20},"end":{"line":187,"column":35}}]},"20":{"line":201,"type":"binary-expr","locations":[{"start":{"line":201,"column":14},"end":{"line":201,"column":21}},{"start":{"line":201,"column":25},"end":{"line":201,"column":27}}]},"21":{"line":202,"type":"binary-expr","locations":[{"start":{"line":202,"column":12},"end":{"line":202,"column":43}},{"start":{"line":202,"column":47},"end":{"line":202,"column":61}},{"start":{"line":202,"column":66},"end":{"line":202,"column":85}}]},"22":{"line":212,"type":"if","locations":[{"start":{"line":212,"column":4},"end":{"line":212,"column":4}},{"start":{"line":212,"column":4},"end":{"line":212,"column":4}}]},"23":{"line":216,"type":"if","locations":[{"start":{"line":216,"column":4},"end":{"line":216,"column":4}},{"start":{"line":216,"column":4},"end":{"line":216,"column":4}}]},"24":{"line":231,"type":"if","locations":[{"start":{"line":231,"column":4},"end":{"line":231,"column":4}},{"start":{"line":231,"column":4},"end":{"line":231,"column":4}}]},"25":{"line":235,"type":"if","locations":[{"start":{"line":235,"column":4},"end":{"line":235,"column":4}},{"start":{"line":235,"column":4},"end":{"line":235,"column":4}}]},"26":{"line":252,"type":"if","locations":[{"start":{"line":252,"column":4},"end":{"line":252,"column":4}},{"start":{"line":252,"column":4},"end":{"line":252,"column":4}}]},"27":{"line":271,"type":"if","locations":[{"start":{"line":271,"column":4},"end":{"line":271,"column":4}},{"start":{"line":271,"column":4},"end":{"line":271,"column":4}}]},"28":{"line":296,"type":"if","locations":[{"start":{"line":296,"column":4},"end":{"line":296,"column":4}},{"start":{"line":296,"column":4},"end":{"line":296,"column":4}}]},"29":{"line":300,"type":"if","locations":[{"start":{"line":300,"column":4},"end":{"line":300,"column":4}},{"start":{"line":300,"column":4},"end":{"line":300,"column":4}}]},"30":{"line":307,"type":"binary-expr","locations":[{"start":{"line":307,"column":12},"end":{"line":307,"column":16}},{"start":{"line":307,"column":20},"end":{"line":307,"column":25}}]},"31":{"line":346,"type":"if","locations":[{"start":{"line":346,"column":6},"end":{"line":346,"column":6}},{"start":{"line":346,"column":6},"end":{"line":346,"column":6}}]},"32":{"line":346,"type":"binary-expr","locations":[{"start":{"line":346,"column":10},"end":{"line":346,"column":35}},{"start":{"line":346,"column":39},"end":{"line":346,"column":53}}]},"33":{"line":368,"type":"if","locations":[{"start":{"line":368,"column":4},"end":{"line":368,"column":4}},{"start":{"line":368,"column":4},"end":{"line":368,"column":4}}]},"34":{"line":376,"type":"if","locations":[{"start":{"line":376,"column":4},"end":{"line":376,"column":4}},{"start":{"line":376,"column":4},"end":{"line":376,"column":4}}]},"35":{"line":392,"type":"cond-expr","locations":[{"start":{"line":392,"column":30},"end":{"line":392,"column":49}},{"start":{"line":392,"column":52},"end":{"line":392,"column":54}}]},"36":{"line":393,"type":"if","locations":[{"start":{"line":393,"column":6},"end":{"line":393,"column":6}},{"start":{"line":393,"column":6},"end":{"line":393,"column":6}}]},"37":{"line":393,"type":"binary-expr","locations":[{"start":{"line":393,"column":10},"end":{"line":393,"column":32}},{"start":{"line":393,"column":36},"end":{"line":393,"column":48}}]},"38":{"line":396,"type":"if","locations":[{"start":{"line":396,"column":6},"end":{"line":396,"column":6}},{"start":{"line":396,"column":6},"end":{"line":396,"column":6}}]},"39":{"line":396,"type":"binary-expr","locations":[{"start":{"line":396,"column":10},"end":{"line":396,"column":23}},{"start":{"line":396,"column":27},"end":{"line":396,"column":47}}]},"40":{"line":414,"type":"if","locations":[{"start":{"line":414,"column":6},"end":{"line":414,"column":6}},{"start":{"line":414,"column":6},"end":{"line":414,"column":6}}]},"41":{"line":437,"type":"if","locations":[{"start":{"line":437,"column":6},"end":{"line":437,"column":6}},{"start":{"line":437,"column":6},"end":{"line":437,"column":6}}]},"42":{"line":437,"type":"binary-expr","locations":[{"start":{"line":437,"column":10},"end":{"line":437,"column":18}},{"start":{"line":437,"column":22},"end":{"line":437,"column":39}}]},"43":{"line":441,"type":"binary-expr","locations":[{"start":{"line":441,"column":19},"end":{"line":441,"column":29}},{"start":{"line":441,"column":33},"end":{"line":441,"column":49}}]},"44":{"line":443,"type":"binary-expr","locations":[{"start":{"line":443,"column":15},"end":{"line":443,"column":44}},{"start":{"line":443,"column":48},"end":{"line":443,"column":127}}]},"45":{"line":446,"type":"if","locations":[{"start":{"line":446,"column":6},"end":{"line":446,"column":6}},{"start":{"line":446,"column":6},"end":{"line":446,"column":6}}]},"46":{"line":490,"type":"if","locations":[{"start":{"line":490,"column":4},"end":{"line":490,"column":4}
[...]
":29,"loc":{"start":{"line":29,"column":16},"end":{"line":29,"column":36}}},"3":{"name":"(anonymous_3)","line":45,"loc":{"start":{"line":45,"column":13},"end":{"line":45,"column":37}}}},"statementMap":{"1":{"start":{"line":1,"column":0},"end":{"line":2,"column":30}},"2":{"start":{"line":17,"column":0},"end":{"line":63,"column":2}},"3":{"start":{"line":18,"column":2},"end":{"line":18,"column":15}},"4":{"start":{"line":20,"column":2},"end":{"line":20,"column":56}},"5":{"start":{"line":29,"column":2},"end":{"line":36,"column":4}},"6":{"start":{"line":30,"column":4},"end":{"line":34,"column":5}},"7":{"start":{"line":31,"column":6},"end":{"line":31,"column":22}},"8":{"start":{"line":33,"column":6},"end":{"line":33,"column":45}},"9":{"start":{"line":35,"column":4},"end":{"line":35,"column":34}},"10":{"start":{"line":45,"column":2},"end":{"line":60,"column":4}},"11":{"start":{"line":46,"column":4},"end":{"line":46,"column":19}},"12":{"start":{"line":48,"column":4},"end":{"line":48,"column":57}},"13":{"start":{"line":50,"column":4},"end":{"line":50,"column":49}},"14":{"start":{"line":51,"column":4},"end":{"line":53,"column":5}},"15":{"start":{"line":52,"column":6},"end":{"line":52,"column":70}},"16":{"start":{"line":55,"column":4},"end":{"line":58,"column":5}},"17":{"start":{"line":56,"column":6},"end":{"line":56,"column":20}},"18":{"start":{"line":57,"column":6},"end":{"line":57,"column":13}},"19":{"start":{"line":59,"column":4},"end":{"line":59,"column":15}},"20":{"start":{"line":62,"column":2},"end":{"line":62,"column":13}}},"branchMap":{"1":{"line":20,"type":"cond-expr","locations":[{"start":{"line":20,"column":24},"end":{"line":20,"column":48}},{"start":{"line":20,"column":51},"end":{"line":20,"column":55}}]},"2":{"line":30,"type":"if","locations":[{"start":{"line":30,"column":4},"end":{"line":30,"column":4}},{"start":{"line":30,"column":4},"end":{"line":30,"column":4}}]},"3":{"line":33,"type":"cond-expr","locations":[{"start":{"line":33,"column":20},"end":{"line":33,"column":38}},{"start":{"line":33,"column":41},"end":{"line":33,"column":44}}]},"4":{"line":50,"type":"binary-expr","locations":[{"start":{"line":50,"column":10},"end":{"line":50,"column":27}},{"start":{"line":50,"column":31},"end":{"line":50,"column":48}}]},"5":{"line":51,"type":"if","locations":[{"start":{"line":51,"column":4},"end":{"line":51,"column":4}},{"start":{"line":51,"column":4},"end":{"line":51,"column":4}}]},"6":{"line":55,"type":"if","locations":[{"start":{"line":55,"column":4},"end":{"line":55,"column":4}},{"start":{"line":55,"column":4},"end":{"line":55,"column":4}}]}},"code":["var path = require('path'),","  utils = require('../utils');","","/**"," * Loads templates from a provided object mapping."," * @alias swig.loaders.memory"," * @example"," * var templates = {"," *   \"layout\": \"{% block content %}{% endblock %}\","," *   \"home.html\": \"{% extends 'layout.html' %}{% block content %}...{% endblock %}\""," * };"," * swig.setDefaults({ loader: swig.loaders.memory(templates) });"," *"," * @param {object} mapping Hash object with template paths as keys and template sources as values."," * @param {string} [basepath] Path to the templates as string. Assigning this value allows you to use semi-absolute paths to templates instead of relative paths."," */","module.exports = function (mapping, basepath) {","  var ret = {};","","  basepath = basepath ? path.normalize(basepath) : null;","","  /**","   * Resolves <var>to</var> to an absolute path or unique identifier. This is used for building correct, normalized, and absolute paths to a given template.","   * @alias resolve","   * @param  {string} to        Non-absolute identifier or pathname to a file.","   * @param  {string} [from]    If given, should attempt to find the <var>to</var> path in relation to this given, known path.","   * @return {string}","   */","  ret.resolve = function (to, from) {","    if (basepath) {","      from = basepath;","    } else {","      from = from ? path.dirname(from) : '/';","    }","    return path.resolve(from, to);","  };","","  /**","   * Loads a single template. Given a unique <var>identifier</var> found by the <var>resolve</var> method this should return the given template.","   * @alias load","   * @param  {string}   identifier  Unique identifier of a template (possibly an absolute path).","   * @param  {function} [cb]        Asynchronous callback function. If not provided, this method should run synchronously.","   * @return {string}               Template source string.","   */","  ret.load = function (pathname, cb) {","    var src, paths;","","    paths = [pathname, pathname.replace(/^(\\/|\\\\)/, '')];","","    src = mapping[paths[0]] || mapping[paths[1]];","    if (!src) {","      utils.throwError('Unable to find template \"' + pathname + '\".');","    }","","    if (cb) {","      cb(null, src);","      return;","    }","    return src;","  };","","  return ret;","};",""],"l":{"1":1,"17":1,"18":0,"20":0,"29":0,"30":0,"31":0,"33":0,"35":0,"45":0,"46":0,"48":0,"50":0,"51":0,"52":0,"55":0,"56":0,"57":0,"59":0,"62":0}},"/home/travis/build/npmtest/node-npmtest-swig-templates/node_modules/swig-templates/.eslintrc.js":{"path":"/home/travis/build/npmtest/node-npmtest-swig-templates/node_modules/swig-templates/.eslintrc.js","s":{"1":1},"b":{},"f":{},"fnMap":{},"statementMap":{"1":{"start":{"line":1,"column":0},"end":{"line":12,"column":2}}},"branchMap":{},"code":["module.exports = {","    \"extends\": \"eslint:recommended\",","    \"env\": {","        \"node\": true,","        \"commonjs\": true,","        \"mocha\": true,","        \"es6\": true","    },","    \"rules\": {","        \"no-unused-vars\": [2, {\"vars\": \"local\", \"args\": \"none\"}]","    }","};",""],"l":{"1":1}},"/home/travis/build/npmtest/node-npmtest-swig-templates/node_modules/swig-templates/bin/swig.js":{"path":"/home/travis/build/npmtest/node-npmtest-swig-templates/node_modules/swig-templates/bin/swig.js","s":{"1":2,"2":0,"3":0,"4":0,"5":0,"6":0,"7":0,"8":0,"9":0,"10":0,"11":0,"12":0,"13":0,"14":0,"15":0,"16":0,"17":0,"18":0,"19":0,"20":0,"21":0,"22":0,"23":0,"24":0,"25":0,"26":0,"27":0,"28":0,"29":0,"30":0,"31":0,"32":0,"33":0,"34":0,"35":0,"36":0,"37":0,"38":0,"39":0,"40":0,"41":0,"42":0,"43":0,"44":0,"45":0,"46":0,"47":0,"48":0,"49":0,"50":0,"51":0,"52":0,"53":0,"54":0,"55":0,"56":0,"57":0,"58":0,"59":0,"60":0,"61":0},"b":{"1":[0,0],"2":[0,0],"3":[0,0],"4":[0,0,0],"5":[0,0],"6":[0,0],"7":[0,0],"8":[0,0],"9":[0,0],"10":[0,0],"11":[0,0],"12":[0,0],"13":[0,0],"14":[0,0],"15":[0,0],"16":[0,0,0],"17":[0,0]},"f":{"1":0,"2":0,"3":0,"4":0,"5":0,"6":0,"7":0,"8":0,"9":0,"10":0,"11":0},"fnMap":{"1":{"name":"(anonymous_1)","line":44,"loc":{"start":{"line":44,"column":11},"end":{"line":44,"column":27}}},"2":{"name":"(anonymous_2)","line":68,"loc":{"start":{"line":68,"column":8},"end":{"line":68,"column":29}}},"3":{"name":"(anonymous_3)","line":71,"loc":{"start":{"line":71,"column":8},"end":{"line":71,"column":20}}},"4":{"name":"(anonymous_4)","line":101,"loc":{"start":{"line":101,"column":8},"end":{"line":101,"column":29}}},"5":{"name":"(anonymous_5)","line":110,"loc":{"start":{"line":110,"column":50},"end":{"line":110,"column":74}}},"6":{"name":"(anonymous_6)","line":117,"loc":{"start":{"line":117,"column":47},"end":{"line":117,"column":68}}},"7":{"name":"(anonymous_7)","line":129,"loc":{"start":{"line":129,"column":7},"end":{"line":129,"column":28}}},"8":{"name":"(anonymous_8)","line":143,"loc":{"start":{"line":143,"column":7},"end":{"line":143,"column":28}}},"9":{"name":"(anonymous_9)","line":144,"loc":{"start":{"line":144,"column":5},"end":{"line":144,"column":17}}},"10":{"name":"(anonymous_10)","line":153,"loc":{"start":{"line":153,"column":7},"end":{"line":153,"column":28}}},"11":{"name":"(anonymous_11)","line":159,"loc":{"start":{"line":159,"column":15},"end":{"line":159,"column":31}}}},"statementMap":{"1":{"start":{"line":4,"column":0},"end":{"line":10,"column":32}},"2":{"start":{"line":12,"column":0},"end":{"line":74,"column":5}},"3":{"start":{"line":45,"column":6},"end":{"line":47,"column":7}},"4":{"start":{"line":46,"column":8},"end":{"line":46,"column":15}},"5":{"start":{"line":49,"column":6},"end":{"line":51,"column":7}},"6":{"start":{"line":50,"column":8},"end":{"line":50,"column":28}},"7":{"start":{"line":53,"column":6},"end":{"line":53,"column":31}},"8":{"start":{"line":54,"column":6},"end":{"line":56,"column":7}},"9":{"start":{"line":55,"column":8},"end":{"line":55,"column":84}},"10":{"start":{"line":58,"column":6},"end":{"line":60,"column":7}},"11":{"start":{"line":59,"column":8},"end":{"line":59,"column":93}},"12":{"start":{"line":62,"column":6},"end":{"line":64,"column":7}},"13":{"start":{"line":63,"column":8},"end":{"line":63,"column":66}},"14":{"start":{"line":69,"column":4},"end":{"line":69,"column":21}},"15":{"start":{"line":71,"column":22},"end":{"line":71,"column":29}},"16":{"start":{"line":77,"column":0},"end":{"line":80,"column":1}},"17":{"start":{"line":78,"column":2},"end":{"line":78,"column":45}},"18":{"start":{"line":79,"column":2},"end":{"line":79,"column":18}},"19":{"start":{"line":83,"column":0},"end":{"line":87,"column":1}},"20":{"start":{"line":84,"column":2},"end":{"line":84,"column":52}},"21":{"start":{"line":85,"column":7},"end":{"line":87,"column":1}},"22":{"start":{"line":86,"column":2},"end":{"line":86,"column":24}},"23":{"start":{"line":89,"column":0},"end":{"line":106,"column":1}},"24":{"start":{"line":90,"column":2},"end":{"line":90,"column":16}},"25":{"start":{"line":91,"column":2},"end":{"line":91,"column":34}},"26":{"start":{"line":93,"column":2},"end":{"line":99,"column":3}},"27":{"start":{"line":94,"column":4},"end":{"line":94,"column":25}},"28":{"start":{"line":96,"column":4},"end":{"line":98,"column":5}},"29":{"start":{"line":97,"column":6},"end":{"line":97,"column":14}},"30":{"start":{"line":101,"column":2},"end":{"line":105,"column":4}},"31":{"start":{"line":102,"column":4},"end":{"line":102,"column":31}},"32":{"start":{"line":103,"column":4},"end":{"line":103,"column":57}},"33":{"start":{"line":104,"column":4},"end":{"line":104,"column":40}},"34":{"start":{"line":109,"column":0},"end":{"line":113,"column":1}},"35":{"start":{"line":110,"column":2},"end":{"line":112,"column":5}},"36":{"start":{"line":111,"column":4},"end":{"line":111,"column":33}},"37":{"start":{"line":116,"column":0},"end":{"line":120,"column":1}},"38":{"start":{"line":117,"column":2},"end":{"line":119,"column":5}},"39":{"start":{"line":118,"column":4},"end":{"line":118,"column":67}},"40":{"start":{"line":123,"column":0},"end":{"line":125,"column":1}},"41":{"start":{"line":124,"column":2},"end":{"line":124,"column":42}},"42":{"start":{"line":127,"column":0},"end":{"line":157,"column":1}},"43":{"start":{"line":129,"column":2},"end":{"line":139,"column":4}},"44":{"start":{"line":130,"column":4},"end":{"line":130,"column":106}},"45":{"start":{"line":132,"column":4},"end":{"line":132,"column":50}},"46":{"start":{"line":134,"column":4},"end":{"line":136,"column":5}},"47":{"start":{"line":135,"column":6},"end":{"line":135,"column":54}},"48":{"start":{"line":138,"column":4},"end":{"line":138,"column":17}},"49":{"start":{"line":140,"column":2},"end":{"line":140,"column":8}},"50":{"start":{"line":143,"column":2},"end":{"line":149,"column":4}},"51":{"start":{"line":144,"column":4},"end":{"line":148,"column":9}},"52":{"start":{"line":145,"column":6},"end":{"line":145,"column":16}},"53":{"start":{"line":146,"column":6},"end":{"line":146,"column":44}},"54":{"start":{"line":147,"column":6},"end":{"line":147,"column":55}},"55":{"start":{"line":150,"column":2},"end":{"line":150,"column":8}},"56":{"start":{"line":153,"column":2},"end":{"line":155,"column":4}},"57":{"start":{"line":154,"column":4},"end":{"line":154,"column":65}},"58":{"start":{"line":156,"column":2},"end":{"line":156,"column":8}},"59":{"start":{"line":159,"column":0},"end":{"line":162,"column":3}},"60":{"start":{"line":160,"column":2},"end":{"line":160,"column":42}},"61":{"start":{"line":161,"column":2},"end":{"line":161,"column":16}}},"branchMap":{"1":{"line":45,"type":"if","locations":[{"start":{"line":45,"column":6},"end":{"line":45,"column":6}},{"start":{"line":45,"column":6},"end":{"line":45,"column":6}}]},"2":{"line":49,"type":"if","locations":[{"start":{"line":49,"column":6},"end":{"line":49,"column":6}},{"start":{"line":49,"column":6},"end":{"line":49,"column":6}}]},"3":{"line":54,"type":"if","locations":[{"start":{"line":54,"column":6},"end":{"line":54,"column":6}},{"start":{"line":54,"column":6},"end":{"line":54,"column":6}}]},"4":{"line":54,"type":"binary-expr","locations":[{"start":{"line":54,"column":10},"end":{"line":54,"column":31}},{"start":{"line":54,"column":35},"end":{"line":54,"column":55}},{"start":{"line":54,"column":59},"end":{"line":54,"column":76}}]},"5":{"line":58,"type":"if","locations":[{"start":{"line":58,"column":6},"end":{"line":58,"column":6}},{"start":{"line":58,"column":6},"end":{"line":58,"column":6}}]},"6":{"line":58,"type":"binary-expr","locations":[{"start":{"line":58,"column":10},"end":{"line":58,"column":39}},{"start":{"line":58,"column":43},"end":{"line":58,"column":75}}]},"7":{"line":62,"type":"if","locations":[{"start":{"line":62,"column":6},"end":{"line":62,"column":6}},{"start":{"line":62,"column":6},"end":{"line":62,"column":6}}]},"8":{"line":77,"type":"if","locations":[{"start":{"line":77,"column":0},"end":{"line":77,"column":0}},{"start":{"line":77,"column":0},"end":{"line":77,"column":0}}]},"9":{"line":83,"type":"if","locations":[{"start":{"line":83,"column":0},"end":{"line":83,"column":0}},{"start":{"line":83,"column":0},"end":{"line":83,"column":0}}]},"10":{"line":85,"type":"if","locations":[{"start":{"line":85,"column":7},"end":{"line":85,"column":7}},{"start":{"line":85,"column":7},"end":{"line":85,"column":7}}]},"11":{"line":89,"type":"if","locations":[{"start":{"line":89,"column":0},"end":{"line":89,"column":0}},{"start":{"line":89,"column":0},"end":{"line":89,"column":0}}]},"12":{"line":96,"type":"if","locations":[{"start":{"line":96,"column":4},"end":{"line":96,"column":4}},{"start":{"line":96,"column":4},"end":{"line":96,"column":4}}]},"13":{"line":109,"type":"if","locations":[{"start":{"line":109,"column":0},"end":{"line":109,"column":0}},{"start":{"line":109,"column":0},"end":{"line":109,"column":0}}]},"14":{"line":116,"type":"if","locations":[{"start":{"line":116,"column":0},"end":{"line":116,"column":0}},{"start":{"line":116,"column":0},"end":{"line":116,"column":0}}]},"15":{"line":123,"type":"if","locations":[{"start":{"line":123,"column":0},"end":{"line":123,"column":0}},{"start":{"line":123,"column":0},"end":{"line":123,"column":0}}]},"16":{"line":127,"type":"switch","locations":[{"start":{"line":128,"column":0},"end":{"line":140,"column":8}},{"start":{"line":142,"column":0},"end":{"line":150,"column":8}},{"start":{"line":152,"column":0},"end":{"line":156,"column":8}}]},"17":{"line":134,"type":"if","locations":[{"start":{"line":134,"column":4},"end":{"line":134,"column":4}},{"start":{"line":134,"column":4},"end":{"line":134,"column":4}}]}},"code":["//#!/usr/bin/env node","/*jslint es5: true */","","var swig = require('../index'),","  optimist = require('optimist'),","  fs = require('fs'),","  path = require('path'),","  filters = require('../lib/filters'),","  utils = require('../lib/utils'),","  uglify = require('uglify-js');","","var command,","  wrapstart = 'var tpl = ',","  argv = optimist","    .usage('\\n Usage:\\n' +","      '    $0 compile [files] [options]\\n' +","      '    $0 run [files] [options]\\n' +","      '    $0 render [files] [options]\\n'","      )","    .describe({","      v: 'Show the Swig version number.',","      o: 'Output location.',","      h: 'Show this help screen.',","      j: 'Variable context as a JSON file.',","      c: 'Variable context as a CommonJS-style file. Used only if option `j` is not provided.',","      m: 'Minify compiled functions with uglify-js',","      'filters': 'Custom filters as a CommonJS-style file',","      'tags': 'Custom tags as a CommonJS-style file',","      'options': 'Customize Swig\\'s Options from a CommonJS-style file',","      'wrap-start': 'Template wrapper beginning for \"compile\".',","      'wrap-end': 'Template wrapper end for \"compile\".',","      'method-name': 'Method name to set template to and run from.'","    })","    .alias('v', 'version')","    .alias('o', 'output')","    .default('o', 'stdout')","    .alias('h', 'help')","    .alias('j', 'json')","    .alias('c', 'context')","    .alias('m', 'minify')","    .default('wrap-start', wrapstart)","    .default('wrap-end', ';')","    .default('method-name', 'tpl')","    .check(function (argv) {","      if (argv.v) {","        return;","      }","","      if (!argv._.length) {","        throw new Error('');","      }","","      command = argv._.shift();","      if (command !== 'compile' && command !== 'render' && command !== 'run') {","        throw new Error('Unrecognized command \"' + command + '\". Use -h for help.');","      }","","      if (argv['method-name'] !== 'tpl' && argv['wrap-start'] !== wrapstart) {","        throw new Error('Cannot use arguments \"--method-name\" and \"--wrap-start\" together.');","      }","","      if (argv['method-name'] !== 'tpl') {","        argv['wrap-start'] = 'var ' + argv['method-name'] + ' = ';","      }","    })","    .argv,","  ctx = {},","  out = function (file, str) {","    console.log(str);","  },","  efn = function () { return; },","  anonymous,","  files,","  fn;","","// What version?","if (argv.v) {","  console.log(require('../package').version);","  process.exit(0);","}","","// Pull in any context data provided","if (argv.j) {","  ctx = JSON.parse(fs.readFileSync(argv.j, 'utf8'));","} else if (argv.c) {","  ctx = require(argv.c);","}","","if (argv.o !== 'stdout') {","  argv.o += '/';","  argv.o = path.normalize(argv.o);","","  try {","    fs.mkdirSync(argv.o);","  } catch (e) {","    if (e.code !== 'EEXIST') {","      throw e;","    }","  }","","  out = function (file, str) {","    file = path.basename(file);","    fs.writeFileSync(argv.o + file, str, { flags: 'w' });","    console.log('Wrote', argv.o + file);","  };","}","","// Set any custom filters","if (argv.filters) {","  utils.each(require(path.resolve(argv.filters)), function (filter, name) {","    swig.setFilter(name, filter);","  });","}","","// Set any custom tags","if (argv.tags) {","  utils.each(require(path.resolve(argv.tags)), function (tag, name) {","    swig.setTag(name, tag.parse, tag.compile, tag.ends, tag.block);","  });","}","","// Specify swig default options","if (argv.options) {","  swig.setDefaults(require(argv.options));","}","","switch (command) {","case 'compile':","  fn = function (file, str) {","    var r = swig.precompile(str, { filename: file, locals: ctx }).tpl.toString().replace('anonymous', '');","","    r = argv['wrap-start'] + r + argv['wrap-end'];","","    if (argv.m) {","      r = uglify.minify(r, { fromString: true }).code;","    }","","    out(file, r);","  };","  break;","","case 'run':","  fn = function (file, str) {","    (function () {","      eval(str);","      var __tpl = eval(argv['method-name']);","      out(file, __tpl(swig, ctx, filters, utils, efn));","    }());","  };","  break;","","case 'render':","  fn = function (file, str) {","    out(file, swig.render(str, { filename: file, locals: ctx }));","  };","  break;","}","","argv._.forEach(function (file) {","  var str = fs.readFileSync(file, 'utf8');","  fn(file, str);","});",""],"l":{"4":2,"12":0,"45":0,"46":0,"49":0,"50":0,"53":0,"54":0,"55":0,"58":0,"59":0,"62":0,"63":0,"69":0,"71":0,"77":0,"78":0,"79":0,"83":0,"84":0,"85":0,"86":0,"89":0,"90":0,"91":0,"93":0,"94":0,"96":0,"97":0,"101":0,"102":0,"103":0,"104":0,"109":0,"110":0,"111":0,"116":0,"117":0,"118":0,"123":0,"124":0,"127":0,"129":0,"130":0,"132":0,"134":0,"135":0,"138":0,"140":0,"143":0,"144":0,"145":0,"146":0,"147":0,"150":0,"153":0,"154":0,"156":0,"159":0,"160":0,"161":0}}}